#
# A fatal error has been detected by the Java Runtime Environment:
#
#  Internal Error (jvmciRuntime.cpp:1609), pid=40, tid=61
#  fatal error: Fatal exception in JVMCI: Error calling jdk.vm.ci.services.Services.serializeSavedProperties
#
# JRE version: OpenJDK Runtime Environment GraalVM CE 22.3.0 (17.0.5+8) (build 17.0.5+8-jvmci-22.3-b08)
# Java VM: OpenJDK 64-Bit Server VM GraalVM CE 22.3.0 (17.0.5+8-jvmci-22.3-b08, mixed mode, sharing, tiered, jvmci, jvmci compiler, compressed oops, compressed class ptrs, parallel gc, linux-amd64)
# Problematic frame:
# V  [libjvm.so+0x972714]  JVMCIRuntime::fatal_exception(JVMCIEnv*, char const*)+0x74
#
# Core dump will be written. Default location: Core dumps may be processed with "/usr/share/apport/apport -p%p -s%s -c%c -d%d -P%P -u%u -g%g -- %E" (or dumping to /home/runner/Math/core.40)
#
# If you would like to submit a bug report, please visit:
#   https://github.com/oracle/graal/issues
#

---------------  S U M M A R Y ------------

Command Line: -XX:ThreadPriorityPolicy=1 -XX:+UnlockExperimentalVMOptions -XX:+EnableJVMCIProduct -XX:JVMCIThreadsPerNativeLibraryRuntime=1 -XX:-UnlockExperimentalVMOptions -Declipse.application=org.eclipse.jdt.ls.core.id1 -Dosgi.bundles.defaultStartLevel=4 -Declipse.product=org.eclipse.jdt.ls.core.product -Dlog.level=ALL -Xverify:none -XX:+UseParallelGC -XX:GCTimeRatio=4 -XX:AdaptiveSizePolicyWeight=90 -Dsun.zip.disableMemoryMapping=true -Xmx512m -Xms100m /nix/store/a7s9klvriqi68xz3qjc0qyfl5h86xc16-jdt-language-server-1.9.0/share/java/plugins/org.eclipse.equinox.launcher_1.6.400.v20210924-0641.jar --add-modules=ALL-SYSTEM --add-opens java.base/java.util=ALL-UNNAMED --add-opens java.base/java.lang=ALL-UNNAMED -configuration /home/runner/Math/.cache/jdt-language-server/config -data /home/runner/Math/.cache/jdt-language-server/data/home/runner/Math

Host: AMD EPYC 7B12, 8 cores, 1G, Ubuntu 20.04.2 LTS
Time: Fri Jan 12 16:42:01 2024 UTC elapsed time: 523.009908 seconds (0d 0h 8m 43s)

---------------  T H R E A D  ---------------

Current thread (0x00007f22480b1d30):  JavaThread "JVMCI-native CompilerThread0" daemon [_thread_in_vm, id=61, stack(0x00007f222eccd000,0x00007f222eecd000)]


Current CompileTask:
JVMCI-native: 523021 6064       4       java.util.concurrent.locks.ReentrantReadWriteLock$NonfairSync::readerShouldBlock (5 bytes)

Stack: [0x00007f222eccd000,0x00007f222eecd000],  sp=0x00007f222eecb380,  free space=2040k
Native frames: (J=compiled Java code, j=interpreted, Vv=VM code, C=native code)
V  [libjvm.so+0x972714]  JVMCIRuntime::fatal_exception(JVMCIEnv*, char const*)+0x74
V  [libjvm.so+0x93e2fe]  JVMCIEnv::copy_saved_properties()+0x14e
V  [libjvm.so+0x9732a9]  JVMCIRuntime::initialize(JVMCIEnv*)+0xb19
V  [libjvm.so+0x9738a2]  JVMCIRuntime::get_HotSpotJVMCIRuntime(JVMCIEnv*)+0x12
V  [libjvm.so+0x9749f2]  JVMCIRuntime::compile_method(JVMCIEnv*, JVMCICompiler*, methodHandle const&, int)+0xd2
V  [libjvm.so+0x5b0d20]  CompileBroker::invoke_compiler_on_method(CompileTask*)+0x1470
V  [libjvm.so+0x5b12e8]  CompileBroker::compiler_thread_loop()+0x528
V  [libjvm.so+0xd82460]  JavaThread::thread_main_inner()+0xd0
V  [libjvm.so+0xd85a40]  Thread::call_run()+0xc0
V  [libjvm.so+0xbdb1e1]  thread_native_entry(Thread*)+0xe1

Register to memory mapping:

RAX=0x00007f224ea89000 points into unknown readable memory: 0x0000000000000058 | 58 00 00 00 00 00 00 00
RBX=0x00007f224fb84398: <offset 0x0000000000ef5398> in /nix/store/gpxl5qgg8kicmcvivwmybwjlpf7wh20l-graalvm17-ce-22.3.0/lib/server/libjvm.so at 0x00007f224ec8f000
RCX=0x00007f224fb3c1e8: <offset 0x0000000000ead1e8> in /nix/store/gpxl5qgg8kicmcvivwmybwjlpf7wh20l-graalvm17-ce-22.3.0/lib/server/libjvm.so at 0x00007f224ec8f000
RDX=0x0000000000000649 is an unknown value
RSP=0x00007f222eecb380 is pointing into the stack for thread: 0x00007f22480b1d30
RBP=0x00007f222eecb3a0 is pointing into the stack for thread: 0x00007f22480b1d30
RSI=0x00007f224fb84c48: <offset 0x0000000000ef5c48> in /nix/store/gpxl5qgg8kicmcvivwmybwjlpf7wh20l-graalvm17-ce-22.3.0/lib/server/libjvm.so at 0x00007f224ec8f000
RDI=0x00000000e0000000 is an oop: java.lang.String 
{0x00000000e0000000} - klass: 'java/lang/String'
 - string: "ULYY6/Io39k5Uwm/4g2FjTkmgpdO1SgdL8DpDWZ5uNA="
R8 =0x00007f224fb84398: <offset 0x0000000000ef5398> in /nix/store/gpxl5qgg8kicmcvivwmybwjlpf7wh20l-graalvm17-ce-22.3.0/lib/server/libjvm.so at 0x00007f224ec8f000
R9 =0x00007f222eecb330 is pointing into the stack for thread: 0x00007f22480b1d30
R10=0x00007f222eecc948 is pointing into the stack for thread: 0x00007f22480b1d30
R11=0x0000000000000293 is an unknown value
R12=0x0 is NULL
R13=0x00007f22480b1d30 is a thread
R14=0x00007f2248000b80 points into unknown readable memory: 0x00007f224fdb5a38 | 38 5a db 4f 22 7f 00 00
R15=0x00007f224fec3e40: <offset 0x0000000001234e40> in /nix/store/gpxl5qgg8kicmcvivwmybwjlpf7wh20l-graalvm17-ce-22.3.0/lib/server/libjvm.so at 0x00007f224ec8f000


Registers:
RAX=0x00007f224ea89000, RBX=0x00007f224fb84398, RCX=0x00007f224fb3c1e8, RDX=0x0000000000000649
RSP=0x00007f222eecb380, RBP=0x00007f222eecb3a0, RSI=0x00007f224fb84c48, RDI=0x00000000e0000000
R8 =0x00007f224fb84398, R9 =0x00007f222eecb330, R10=0x00007f222eecc948, R11=0x0000000000000293
R12=0x0000000000000000, R13=0x00007f22480b1d30, R14=0x00007f2248000b80, R15=0x00007f224fec3e40
RIP=0x00007f224f601714, EFLAGS=0x0000000000010206, CSGSFS=0x002b000000000033, ERR=0x0000000000000006
  TRAPNO=0x000000000000000e

Top of Stack: (sp=0x00007f222eecb380)
0x00007f222eecb380:   00007f222eecb940 00007f22480b1d30
0x00007f222eecb390:   00007f224d41a8c8 0000000800c417a0
0x00007f222eecb3a0:   00007f222eecb500 00007f224f5cd2fe
0x00007f222eecb3b0:   00007f222eecb3e0 00007f222eecb440 

Instructions: (pc=0x00007f224f601714)
0x00007f224f601614:   30 e8 f6 cf e8 ff 4c 89 e7 e8 2e 48 d1 ff 84 db
0x00007f224f601624:   75 2a 4d 85 ed 74 04 4d 8b 6d 00 48 83 c4 08 44
0x00007f224f601634:   89 f9 4c 89 f2 4c 89 ee 5b 4c 89 e7 41 5c 41 5d
0x00007f224f601644:   41 5e 41 5f 5d e9 e2 47 d1 ff 66 90 48 83 c4 08
0x00007f224f601654:   5b 41 5c 41 5d 41 5e 41 5f 5d c3 90 31 d2 be 08
0x00007f224f601664:   00 00 00 4c 89 ff e8 b1 78 a3 ff 49 89 c5 e9 37
0x00007f224f601674:   ff ff ff 66 0f 1f 84 00 00 00 00 00 48 8b 7a 08
0x00007f224f601684:   e9 6d ff ff ff 0f 1f 80 00 00 00 00 e8 5b 48 0a
0x00007f224f601694:   00 84 c0 75 89 e9 6a ff ff ff 66 90 55 48 89 e5
0x00007f224f6016a4:   41 56 41 55 41 54 49 89 fc 53 48 89 f3 66 48 8d
0x00007f224f6016b4:   3d 27 5e 85 00 66 66 48 e8 df 43 8d ff 4c 8b 28
0x00007f224f6016c4:   8b 05 be 72 8a 00 85 c0 75 14 ba 01 00 00 00 48
0x00007f224f6016d4:   8d 0d ae 72 8a 00 f0 0f b1 11 85 c0 74 4e be c8
0x00007f224f6016e4:   00 00 00 4c 89 ef e8 01 0b 41 00 48 8d 05 12 ac
0x00007f224f6016f4:   85 00 49 89 d8 48 8d 0d e8 aa 53 00 ba 49 06 00
0x00007f224f601704:   00 48 8d 35 3c 35 58 00 bf 00 00 00 e0 48 8b 00
0x00007f224f601714:   c6 00 58 31 c0 e8 e2 91 c6 ff 5b 41 5c 41 5d 41
0x00007f224f601724:   5e 5d e9 55 34 26 00 0f 1f 44 00 00 48 8d 05 81
0x00007f224f601734:   a3 8b 00 48 89 df 4c 8b 30 e8 9e 43 8d ff 48 89
0x00007f224f601744:   de 48 89 c2 49 8b 06 4c 89 f7 ff 50 08 4c 89 f7
0x00007f224f601754:   e8 a7 5c 27 00 4d 85 e4 74 12 be 01 00 00 00 4c
0x00007f224f601764:   89 e7 e8 35 43 fc ff eb 82 0f 1f 00 be 01 00 00
0x00007f224f601774:   00 4c 89 ef e8 d3 fd ff ff e9 6d ff ff ff 66 66
0x00007f224f601784:   2e 0f 1f 84 00 00 00 00 00 0f 1f 00 55 48 89 e5
0x00007f224f601794:   41 57 41 56 41 55 41 54 53 48 81 ec 08 02 00 00
0x00007f224f6017a4:   64 48 8b 04 25 28 00 00 00 48 89 45 c8 8b 07 83
0x00007f224f6017b4:   f8 02 0f 84 11 04 00 00 4c 8b 6f 18 49 89 ff 49
0x00007f224f6017c4:   89 f4 4d 85 ed 74 14 4c 89 ef e8 5d 57 22 00 41
0x00007f224f6017d4:   8b 07 83 f8 02 0f 84 19 04 00 00 48 8d 1d 9a 06
0x00007f224f6017e4:   8a 00 4c 8d 35 0b 3c 58 00 eb 38 90 48 85 d2 7f
0x00007f224f6017f4:   0d 48 8d 05 b4 c0 85 00 48 83 38 00 7e 0e 41 8b
0x00007f224f601804:   77 2c 4c 89 f7 31 c0 e8 a0 b2 f7 ff 49 8b 7f 18 


Stack slot to memory mapping:
stack at sp + 0 slots: 0x00007f222eecb940 is pointing into the stack for thread: 0x00007f22480b1d30
stack at sp + 1 slots: 0x00007f22480b1d30 is a thread
stack at sp + 2 slots: 0x00007f224d41a8c8 points into unknown readable memory: 0x6573001880c9ffff | ff ff c9 80 18 00 73 65
stack at sp + 3 slots: 0x0000000800c417a0 is a pointer to class: 
jdk.vm.ci.services.Services {0x0000000800c417a0}
 - instance size:     2
 - klass size:        65
 - access:            public final synchronized 
 - state:             fully_initialized
 - name:              'jdk/vm/ci/services/Services'
 - super:             'java/lang/Object'
 - sub:               
 - arrays:            NULL
 - methods:           Array<T>(0x00007f224c442a40)
 - method ordering:   Array<T>(0x0000000800928960)
 - default_methods:   Array<T>(0x0000000000000000)
 - local interfaces:  Array<T>(0x00000008005ce810)
 - trans. interfaces: Array<T>(0x00000008005ce810)
 - constants:         constant pool [427] {0x00007f224c441b20} for 'jdk/vm/ci/services/Services' cache=0x00007f224c443d10
 - class loader data:  loader data: 0x00007f2248027cf0 of 'bootstrap'
 - source file:       'Services.java'
 - class annotations:       Array<T>(0x0000000000000000)
 - class type annotations:  Array<T>(0x0000000000000000)
 - field annotations:       Array<T>(0x0000000000000000)
 - field type annotations:  Array<T>(0x0000000000000000)
 - inner classes:     Array<T>(0x00007f224c443ce0)
 - nest members:     Array<T>(0x00007f224c443d00)
 - permitted subclasses:     Array<T>(0x00000008005ce7a0)
 - java mirror:       a 'java/lang/Class'{0x00000000e02ada98} = 'jdk/vm/ci/services/Services'
 - vtable length      5  (start addr: 0x0000000800c41970)
 - itable length      2 (start addr: 0x0000000800c41998)
 - ---- static fields (3 words):
 - public static final 'IS_BUILDING_NATIVE_IMAGE' 'Z' @128 
 - public static final 'IS_IN_NATIVE_IMAGE' 'Z' @129 
 - private static volatile 'savedProperties' 'Ljava/util/Map;' @112 
 - static final 'JVMCI_ENABLED' 'Z' @130 
 - private static final 'servicesCache' 'Ljava/util/Map;' @116 
 - private static final 'MAX_UNICODE_IN_UTF8_LENGTH' 'I' @120 
 - private static final 'MAX_UTF8_PROPERTY_STRING_LENGTH' 'I' @124 
 - ---- non-static fields (0 words):
 - non-static oop maps: 
stack at sp + 4 slots: 0x00007f222eecb500 is pointing into the stack for thread: 0x00007f22480b1d30
stack at sp + 5 slots: 0x00007f224f5cd2fe: <offset 0x000000000093e2fe> in /nix/store/gpxl5qgg8kicmcvivwmybwjlpf7wh20l-graalvm17-ce-22.3.0/lib/server/libjvm.so at 0x00007f224ec8f000
stack at sp + 6 slots: 0x00007f222eecb3e0 is pointing into the stack for thread: 0x00007f22480b1d30
stack at sp + 7 slots: 0x00007f222eecb440 is pointing into the stack for thread: 0x00007f22480b1d30


---------------  P R O C E S S  ---------------

Threads class SMR info:
_java_thread_list=0x00007f21cc007cd0, length=23, elements={
0x00007f2248025f90, 0x00007f22480a6000, 0x00007f22480a7440, 0x00007f22480adba0,
0x00007f22480aef50, 0x00007f22480b0340, 0x00007f22480b1d30, 0x00007f22480b3240,
0x00007f22480b4690, 0x00007f22480d7ea0, 0x00007f224811f610, 0x00007f22482ed7e0,
0x00007f2248335840, 0x00007f2248338800, 0x00007f21dc02bec0, 0x00007f21dc41d920,
0x00007f21cc0010d0, 0x00007f21dc607be0, 0x00007f21dc78e4e0, 0x00007f2248364f40,
0x00007f22483f7850, 0x00007f21c0001130, 0x00007f21b4000ff0
}

Java Threads: ( => current thread )
  0x00007f2248025f90 JavaThread "main" [_thread_blocked, id=47, stack(0x00007f224eaaa000,0x00007f224ebaa000)]
  0x00007f22480a6000 JavaThread "Reference Handler" daemon [_thread_blocked, id=56, stack(0x00007f224c1fe000,0x00007f224c2fe000)]
  0x00007f22480a7440 JavaThread "Finalizer" daemon [_thread_blocked, id=57, stack(0x00007f224c0fe000,0x00007f224c1fe000)]
  0x00007f22480adba0 JavaThread "Signal Dispatcher" daemon [_thread_blocked, id=58, stack(0x00007f222f0cd000,0x00007f222f1cd000)]
  0x00007f22480aef50 JavaThread "Service Thread" daemon [_thread_blocked, id=59, stack(0x00007f222efcd000,0x00007f222f0cd000)]
  0x00007f22480b0340 JavaThread "Monitor Deflation Thread" daemon [_thread_blocked, id=60, stack(0x00007f222eecd000,0x00007f222efcd000)]
=>0x00007f22480b1d30 JavaThread "JVMCI-native CompilerThread0" daemon [_thread_in_vm, id=61, stack(0x00007f222eccd000,0x00007f222eecd000)]
  0x00007f22480b3240 JavaThread "C1 CompilerThread0" daemon [_thread_blocked, id=62, stack(0x00007f222eacd000,0x00007f222eccd000)]
  0x00007f22480b4690 JavaThread "Sweeper thread" daemon [_thread_blocked, id=63, stack(0x00007f222e9cd000,0x00007f222eacd000)]
  0x00007f22480d7ea0 JavaThread "Common-Cleaner" daemon [_thread_blocked, id=64, stack(0x00007f222e8cd000,0x00007f222e9cd000)]
  0x00007f224811f610 JavaThread "Notification Thread" daemon [_thread_blocked, id=66, stack(0x00007f222e7cd000,0x00007f222e8cd000)]
  0x00007f22482ed7e0 JavaThread "Active Thread: Equinox Container: 6fe0b375-92d0-469c-b246-b083e0779fa9" [_thread_blocked, id=78, stack(0x00007f222e5cb000,0x00007f222e6cb000)]
  0x00007f2248335840 JavaThread "Framework Event Dispatcher: Equinox Container: 6fe0b375-92d0-469c-b246-b083e0779fa9" daemon [_thread_blocked, id=79, stack(0x00007f222c100000,0x00007f222c200000)]
  0x00007f2248338800 JavaThread "Start Level: Equinox Container: 6fe0b375-92d0-469c-b246-b083e0779fa9" daemon [_thread_blocked, id=80, stack(0x00007f21f6d00000,0x00007f21f6e00000)]
  0x00007f21dc02bec0 JavaThread "SCR Component Actor" daemon [_thread_blocked, id=86, stack(0x00007f21f6b00000,0x00007f21f6c00000)]
  0x00007f21dc41d920 JavaThread "Worker-JM" [_thread_blocked, id=95, stack(0x00007f21f6700000,0x00007f21f6800000)]
  0x00007f21cc0010d0 JavaThread "Worker-1: Periodic workspace save." [_thread_blocked, id=97, stack(0x00007f21f6300000,0x00007f21f6400000)]
  0x00007f21dc607be0 JavaThread "Java indexing" daemon [_thread_blocked, id=98, stack(0x00007f21f6100000,0x00007f21f6200000)]
  0x00007f21dc78e4e0 JavaThread "Bundle File Closer" daemon [_thread_blocked, id=103, stack(0x00007f21f5f00000,0x00007f21f6000000)]
  0x00007f2248364f40 JavaThread "pool-3-thread-1" [_thread_blocked, id=106, stack(0x00007f21f5d00000,0x00007f21f5e00000)]
  0x00007f22483f7850 JavaThread "pool-2-thread-1" [_thread_in_native, id=120, stack(0x00007f21f6900000,0x00007f21f6a00000)]
  0x00007f21c0001130 JavaThread "Worker-3: Compacting resource model" [_thread_blocked, id=121, stack(0x00007f21f6c00000,0x00007f21f6d00000)]
  0x00007f21b4000ff0 JavaThread "Worker-4: Java indexing... " [_thread_blocked, id=122, stack(0x00007f21f5900000,0x00007f21f5a00000)]

Other Threads:
  0x00007f22480a1740 VMThread "VM Thread" [stack: 0x00007f224c300000,0x00007f224c400000] [id=55] _threads_hazard_ptr=0x00007f21cc007cd0
  0x00007f2248120fb0 WatcherThread [stack: 0x00007f222e6cd000,0x00007f222e7cd000] [id=67]
  0x00007f224803d8a0 GCTaskThread "GC Thread#0" [stack: 0x00007f224e66d000,0x00007f224e76d000] [id=52]

Threads with active compile tasks:
JVMCI-native CompilerThread0   523106 6064       4       java.util.concurrent.locks.ReentrantReadWriteLock$NonfairSync::readerShouldBlock (5 bytes)

VM state: synchronizing (normal execution)

VM Mutex/Monitor currently owned by a thread:  ([mutex/lock_event])
[0x00007f22480230e0] Threads_lock - owner thread: 0x00007f22480a1740
[0x00007f2248023890] Heap_lock - owner thread: 0x00007f21cc0010d0

OutOfMemory and StackOverflow Exception counts:
OutOfMemoryError java_heap_errors=3
LinkageErrors=41

Heap address: 0x00000000e0000000, size: 512 MB, Compressed Oops mode: 32-bit

CDS archive(s) mapped at: [0x0000000800000000-0x0000000800bc8000-0x0000000800bc8000), size 12353536, SharedBaseAddress: 0x0000000800000000, ArchiveRelocationMode: 0.
Compressed class space mapped at: 0x0000000800c00000-0x0000000840c00000, reserved size: 1073741824
Narrow klass base: 0x0000000800000000, Narrow klass shift: 0, Narrow klass range: 0x100000000

GC Precious Log:
 CPUs: 8 total, 1 available
 Memory: 1024M
 Large Page Support: Disabled
 NUMA Support: Disabled
 Compressed Oops: Enabled (32-bit)
 Alignments: Space 512K, Generation 512K, Heap 2M
 Heap Min Capacity: 100M
 Heap Initial Capacity: 100M
 Heap Max Capacity: 512M
 Pre-touch: Disabled
 Parallel Workers: 1

Heap:
 PSYoungGen      total 38400K, used 27135K [0x00000000f5580000, 0x00000000f8700000, 0x0000000100000000)
  eden space 27136K, 99% used [0x00000000f5580000,0x00000000f6ffffe8,0x00000000f7000000)
  from space 11264K, 0% used [0x00000000f7000000,0x00000000f7000000,0x00000000f7b00000)
  to   space 9728K, 0% used [0x00000000f7b00000,0x00000000f7b00000,0x00000000f8480000)
 ParOldGen       total 349696K, used 349695K [0x00000000e0000000, 0x00000000f5580000, 0x00000000f5580000)
  object space 349696K, 99% used [0x00000000e0000000,0x00000000f557ffd8,0x00000000f5580000)
 Metaspace       used 51094K, committed 51968K, reserved 1097728K
  class space    used 5148K, committed 5568K, reserved 1048576K

Card table byte_map: [0x00007f224e76d000,0x00007f224e86e000] _byte_map_base: 0x00007f224e06d000

Marking Bits: (ParMarkBitMap*) 0x00007f224febd4c0
 Begin Bits: [0x00007f224d5c0000, 0x00007f224ddc0000)
 End Bits:   [0x00007f224ddc0000, 0x00007f224e5c0000)

Polling page: 0x00007f224ea87000

Metaspace:

Usage:
  Non-class:     44.87 MB used.
      Class:      5.03 MB used.
       Both:     49.90 MB used.

Virtual space:
  Non-class space:       48.00 MB reserved,      45.31 MB ( 94%) committed,  6 nodes.
      Class space:        1.00 GB reserved,       5.44 MB ( <1%) committed,  1 nodes.
             Both:        1.05 GB reserved,      50.75 MB (  5%) committed. 

Chunk freelists:
   Non-Class:  2.07 MB
       Class:  2.57 MB
        Both:  4.64 MB

MaxMetaspaceSize: unlimited
CompressedClassSpaceSize: 1.00 GB
Initial GC threshold: 21.00 MB
Current GC threshold: 84.62 MB
CDS: on
MetaspaceReclaimPolicy: balanced
 - commit_granule_bytes: 65536.
 - commit_granule_words: 8192.
 - virtual_space_node_default_size: 1048576.
 - enlarge_chunks_in_place: 1.
 - new_chunks_are_fully_committed: 0.
 - uncommit_free_chunks: 1.
 - use_allocation_guard: 0.
 - handle_deallocations: 1.


Internal statistics:

num_allocs_failed_limit: 6.
num_arena_births: 328.
num_arena_deaths: 66.
num_vsnodes_births: 7.
num_vsnodes_deaths: 0.
num_space_committed: 811.
num_space_uncommitted: 0.
num_chunks_returned_to_freelist: 90.
num_chunks_taken_from_freelist: 2186.
num_chunk_merges: 33.
num_chunk_splits: 1459.
num_chunks_enlarged: 949.
num_purges: 10.
num_inconsistent_stats: 0.

CodeHeap 'non-profiled nmethods': size=120036Kb used=2274Kb max_used=2274Kb free=117761Kb
 bounds [0x00007f2236f7a000, 0x00007f22371ea000, 0x00007f223e4b3000]
CodeHeap 'profiled nmethods': size=120032Kb used=10910Kb max_used=12094Kb free=109121Kb
 bounds [0x00007f222fa42000, 0x00007f2230652000, 0x00007f2236f7a000]
CodeHeap 'non-nmethods': size=5692Kb used=1360Kb max_used=1385Kb free=4332Kb
 bounds [0x00007f222f4b3000, 0x00007f222f723000, 0x00007f222fa42000]
 total_blobs=5592 nmethods=4906 adapters=599
 compilation: enabled
              stopped_count=0, restarted_count=0
 full_count=0

JVMCI Events (20 events):
Event: 73.000 Thread 0x00007f22480b1d30 destroyed JavaVM[1]@0x00007f21f7a9e340 for JVMCI runtime 0
Event: 73.000 Thread 0x00007f22480b1d30 compacted oop handles in JVMCI runtime 0 from 138 to 138
Event: 73.000 Thread 0x00007f22480b1d30 releasing handles for JVMCI runtime 0: oop handles=138, metadata handles={total=992, live=766, blocks=31}
Event: 73.000 Thread 0x00007f22480b1d30 detached from JVMCI runtime 0
Event: 253.486 Thread 0x00007f22480b1d30 attached to JVMCI runtime 0
Event: 253.488 Thread 0x00007f22480b1d30 created JavaVM[2]@0x00007f21f4d9e340 for JVMCI runtime 0
Event: 255.511 Thread 0x00007f22480b1d30 initializing JVMCI runtime 0
Event: 255.511 Thread 0x00007f22480b1d30 done waiting for JavaVM references initialization in JVMCI runtime 0
Event: 289.296 Thread 0x00007f22480b1d30 initialized JVMCI runtime 0
Event: 302.827 Thread 0x00007f22480b1d30 detaching from JVMCI runtime 0: releasing idle compiler thread (0 other threads still attached)
Event: 302.827 Thread 0x00007f22480b1d30 shutting down HotSpotJVMCIRuntime for JVMCI runtime 0
Event: 302.828 Thread 0x00007f22480b1d30 shut down JVMCI runtime 0
Event: 302.829 Thread 0x00007f22480b1d30 destroyed JavaVM[2]@0x00007f21f4d9e340 for JVMCI runtime 0
Event: 302.829 Thread 0x00007f22480b1d30 compacted oop handles in JVMCI runtime 0 from 42 to 42
Event: 302.829 Thread 0x00007f22480b1d30 releasing handles for JVMCI runtime 0: oop handles=42, metadata handles={total=87, live=76, blocks=31}
Event: 302.829 Thread 0x00007f22480b1d30 detached from JVMCI runtime 0
Event: 377.619 Thread 0x00007f22480b1d30 attached to JVMCI runtime 0
Event: 377.623 Thread 0x00007f22480b1d30 created JavaVM[3]@0x00007f21f4d9e340 for JVMCI runtime 0
Event: 379.216 Thread 0x00007f22480b1d30 initializing JVMCI runtime 0
Event: 379.216 Thread 0x00007f22480b1d30 done waiting for JavaVM references initialization in JVMCI runtime 0

Compilation events (20 events):
Event: 289.298 Thread 0x00007f22480b3240 6057       3       java.util.Collections$UnmodifiableMap$UnmodifiableEntrySet$UnmodifiableEntry::getKey (10 bytes)
Event: 289.298 Thread 0x00007f22480b3240 nmethod 6057 0x00007f2230461c10 code [0x00007f2230461dc0, 0x00007f22304620e0]
Event: 301.219 Thread 0x00007f22480b1d30 nmethod 6052 0x00007f22371b2590 code [0x00007f22371b2700, 0x00007f22371b2768]
Event: 304.294 Thread 0x00007f22480b3240 6058       3       java.text.MessageFormat::format (15 bytes)
Event: 304.295 Thread 0x00007f22480b3240 nmethod 6058 0x00007f223032cf90 code [0x00007f223032d140, 0x00007f223032d310]
Event: 308.109 Thread 0x00007f22480b3240 6059       1       org.eclipse.core.internal.jobs.InternalJob::setWaitQueueStamp (6 bytes)
Event: 308.118 Thread 0x00007f22480b3240 nmethod 6059 0x00007f22371b2890 code [0x00007f22371b2a20, 0x00007f22371b2af0]
Event: 333.078 Thread 0x00007f22480b3240 6061       3       java.text.MessageFormat::subformat (542 bytes)
Event: 334.830 Thread 0x00007f22480b3240 nmethod 6061 0x00007f2230330290 code [0x00007f22303308e0, 0x00007f2230336740]
Event: 341.616 Thread 0x00007f22480b3240 6062  s    3       org.eclipse.jdt.internal.core.search.processing.JobManager::currentJob (35 bytes)
Event: 341.617 Thread 0x00007f22480b3240 nmethod 6062 0x00007f22303f9290 code [0x00007f22303f9460, 0x00007f22303f9db0]
Event: 351.826 Thread 0x00007f22480b3240 6063       3       org.eclipse.core.runtime.SubMonitor::cleanupActiveChild (22 bytes)
Event: 351.827 Thread 0x00007f22480b3240 nmethod 6063 0x00007f22303f8e10 code [0x00007f22303f8fc0, 0x00007f22303f91a0]
Event: 377.619 Thread 0x00007f22480b1d30 6064       4       java.util.concurrent.locks.ReentrantReadWriteLock$NonfairSync::readerShouldBlock (5 bytes)
Event: 377.619 Thread 0x00007f22480b3240 6066       3       java.util.concurrent.locks.AbstractQueuedSynchronizer$ConditionObject::signal (34 bytes)
Event: 377.620 Thread 0x00007f22480b3240 nmethod 6066 0x00007f223032fb10 code [0x00007f223032fce0, 0x00007f2230330180]
Event: 478.112 Thread 0x00007f22480b3240 6068       3       java.util.Collections::emptyEnumeration (4 bytes)
Event: 478.112 Thread 0x00007f22480b3240 nmethod 6068 0x00007f222ff46f90 code [0x00007f222ff47120, 0x00007f222ff47210]
Event: 504.298 Thread 0x00007f22480b3240 6069       3       java.util.concurrent.ThreadPoolExecutor::runStateAtLeast (11 bytes)
Event: 504.298 Thread 0x00007f22480b3240 nmethod 6069 0x00007f2230009190 code [0x00007f2230009320, 0x00007f2230009470]

GC Heap History (20 events):
Event: 505.907 GC heap before
{Heap before GC invocations=340 (full 267):
 PSYoungGen      total 38400K, used 27135K [0x00000000f5580000, 0x00000000f8700000, 0x0000000100000000)
  eden space 27136K, 99% used [0x00000000f5580000,0x00000000f6ffffe8,0x00000000f7000000)
  from space 11264K, 0% used [0x00000000f7000000,0x00000000f7000000,0x00000000f7b00000)
  to   space 9728K, 0% used [0x00000000f7b00000,0x00000000f7b00000,0x00000000f8480000)
 ParOldGen       total 349696K, used 349694K [0x00000000e0000000, 0x00000000f5580000, 0x00000000f5580000)
  object space 349696K, 99% used [0x00000000e0000000,0x00000000f557fb00,0x00000000f5580000)
 Metaspace       used 51094K, committed 51968K, reserved 1097728K
  class space    used 5148K, committed 5568K, reserved 1048576K
}
Event: 507.652 GC heap after
{Heap after GC invocations=340 (full 267):
 PSYoungGen      total 36864K, used 27135K [0x00000000f5580000, 0x00000000f8700000, 0x0000000100000000)
  eden space 27136K, 99% used [0x00000000f5580000,0x00000000f6ffffe8,0x00000000f7000000)
  from space 9728K, 0% used [0x00000000f7b00000,0x00000000f7b00000,0x00000000f8480000)
  to   space 11264K, 0% used [0x00000000f7000000,0x00000000f7000000,0x00000000f7b00000)
 ParOldGen       total 349696K, used 349694K [0x00000000e0000000, 0x00000000f5580000, 0x00000000f5580000)
  object space 349696K, 99% used [0x00000000e0000000,0x00000000f557fb00,0x00000000f5580000)
 Metaspace       used 51094K, committed 51968K, reserved 1097728K
  class space    used 5148K, committed 5568K, reserved 1048576K
}
Event: 507.653 GC heap before
{Heap before GC invocations=341 (full 268):
 PSYoungGen      total 36864K, used 27136K [0x00000000f5580000, 0x00000000f8700000, 0x0000000100000000)
  eden space 27136K, 100% used [0x00000000f5580000,0x00000000f7000000,0x00000000f7000000)
  from space 9728K, 0% used [0x00000000f7b00000,0x00000000f7b00000,0x00000000f8480000)
  to   space 11264K, 0% used [0x00000000f7000000,0x00000000f7000000,0x00000000f7b00000)
 ParOldGen       total 349696K, used 349696K [0x00000000e0000000, 0x00000000f5580000, 0x00000000f5580000)
  object space 349696K, 100% used [0x00000000e0000000,0x00000000f5580000,0x00000000f5580000)
 Metaspace       used 51094K, committed 51968K, reserved 1097728K
  class space    used 5148K, committed 5568K, reserved 1048576K
}
Event: 509.228 GC heap after
{Heap after GC invocations=341 (full 268):
 PSYoungGen      total 38400K, used 27136K [0x00000000f5580000, 0x00000000f8700000, 0x0000000100000000)
  eden space 27136K, 100% used [0x00000000f5580000,0x00000000f7000000,0x00000000f7000000)
  from space 11264K, 0% used [0x00000000f7000000,0x00000000f7000000,0x00000000f7b00000)
  to   space 9728K, 0% used [0x00000000f7b00000,0x00000000f7b00000,0x00000000f8480000)
 ParOldGen       total 349696K, used 349695K [0x00000000e0000000, 0x00000000f5580000, 0x00000000f5580000)
  object space 349696K, 99% used [0x00000000e0000000,0x00000000f557fde0,0x00000000f5580000)
 Metaspace       used 51094K, committed 51968K, reserved 1097728K
  class space    used 5148K, committed 5568K, reserved 1048576K
}
Event: 509.232 GC heap before
{Heap before GC invocations=342 (full 269):
 PSYoungGen      total 38400K, used 27136K [0x00000000f5580000, 0x00000000f8700000, 0x0000000100000000)
  eden space 27136K, 100% used [0x00000000f5580000,0x00000000f7000000,0x00000000f7000000)
  from space 11264K, 0% used [0x00000000f7000000,0x00000000f7000000,0x00000000f7b00000)
  to   space 9728K, 0% used [0x00000000f7b00000,0x00000000f7b00000,0x00000000f8480000)
 ParOldGen       total 349696K, used 349695K [0x00000000e0000000, 0x00000000f5580000, 0x00000000f5580000)
  object space 349696K, 99% used [0x00000000e0000000,0x00000000f557fff0,0x00000000f5580000)
 Metaspace       used 51094K, committed 51968K, reserved 1097728K
  class space    used 5148K, committed 5568K, reserved 1048576K
}
Event: 511.028 GC heap after
{Heap after GC invocations=342 (full 269):
 PSYoungGen      total 36864K, used 27136K [0x00000000f5580000, 0x00000000f8700000, 0x0000000100000000)
  eden space 27136K, 100% used [0x00000000f5580000,0x00000000f7000000,0x00000000f7000000)
  from space 9728K, 0% used [0x00000000f7b00000,0x00000000f7b00000,0x00000000f8480000)
  to   space 11264K, 0% used [0x00000000f7000000,0x00000000f7000000,0x00000000f7b00000)
 ParOldGen       total 349696K, used 349695K [0x00000000e0000000, 0x00000000f5580000, 0x00000000f5580000)
  object space 349696K, 99% used [0x00000000e0000000,0x00000000f557fe40,0x00000000f5580000)
 Metaspace       used 51094K, committed 51968K, reserved 1097728K
  class space    used 5148K, committed 5568K, reserved 1048576K
}
Event: 511.031 GC heap before
{Heap before GC invocations=343 (full 270):
 PSYoungGen      total 36864K, used 27136K [0x00000000f5580000, 0x00000000f8700000, 0x0000000100000000)
  eden space 27136K, 100% used [0x00000000f5580000,0x00000000f7000000,0x00000000f7000000)
  from space 9728K, 0% used [0x00000000f7b00000,0x00000000f7b00000,0x00000000f8480000)
  to   space 11264K, 0% used [0x00000000f7000000,0x00000000f7000000,0x00000000f7b00000)
 ParOldGen       total 349696K, used 349695K [0x00000000e0000000, 0x00000000f5580000, 0x00000000f5580000)
  object space 349696K, 99% used [0x00000000e0000000,0x00000000f557ffa8,0x00000000f5580000)
 Metaspace       used 51094K, committed 51968K, reserved 1097728K
  class space    used 5148K, committed 5568K, reserved 1048576K
}
Event: 512.572 GC heap after
{Heap after GC invocations=343 (full 270):
 PSYoungGen      total 38400K, used 27135K [0x00000000f5580000, 0x00000000f8700000, 0x0000000100000000)
  eden space 27136K, 99% used [0x00000000f5580000,0x00000000f6ffffe8,0x00000000f7000000)
  from space 11264K, 0% used [0x00000000f7000000,0x00000000f7000000,0x00000000f7b00000)
  to   space 9728K, 0% used [0x00000000f7b00000,0x00000000f7b00000,0x00000000f8480000)
 ParOldGen       total 349696K, used 349695K [0x00000000e0000000, 0x00000000f5580000, 0x00000000f5580000)
  object space 349696K, 99% used [0x00000000e0000000,0x00000000f557fc68,0x00000000f5580000)
 Metaspace       used 51094K, committed 51968K, reserved 1097728K
  class space    used 5148K, committed 5568K, reserved 1048576K
}
Event: 512.573 GC heap before
{Heap before GC invocations=344 (full 271):
 PSYoungGen      total 38400K, used 27136K [0x00000000f5580000, 0x00000000f8700000, 0x0000000100000000)
  eden space 27136K, 100% used [0x00000000f5580000,0x00000000f7000000,0x00000000f7000000)
  from space 11264K, 0% used [0x00000000f7000000,0x00000000f7000000,0x00000000f7b00000)
  to   space 9728K, 0% used [0x00000000f7b00000,0x00000000f7b00000,0x00000000f8480000)
 ParOldGen       total 349696K, used 349695K [0x00000000e0000000, 0x00000000f5580000, 0x00000000f5580000)
  object space 349696K, 99% used [0x00000000e0000000,0x00000000f557fee0,0x00000000f5580000)
 Metaspace       used 51094K, committed 51968K, reserved 1097728K
  class space    used 5148K, committed 5568K, reserved 1048576K
}
Event: 514.273 GC heap after
{Heap after GC invocations=344 (full 271):
 PSYoungGen      total 36864K, used 27135K [0x00000000f5580000, 0x00000000f8700000, 0x0000000100000000)
  eden space 27136K, 99% used [0x00000000f5580000,0x00000000f6fffea8,0x00000000f7000000)
  from space 9728K, 0% used [0x00000000f7b00000,0x00000000f7b00000,0x00000000f8480000)
  to   space 11264K, 0% used [0x00000000f7000000,0x00000000f7000000,0x00000000f7b00000)
 ParOldGen       total 349696K, used 349695K [0x00000000e0000000, 0x00000000f5580000, 0x00000000f5580000)
  object space 349696K, 99% used [0x00000000e0000000,0x00000000f557fdc8,0x00000000f5580000)
 Metaspace       used 51094K, committed 51968K, reserved 1097728K
  class space    used 5148K, committed 5568K, reserved 1048576K
}
Event: 514.277 GC heap before
{Heap before GC invocations=345 (full 272):
 PSYoungGen      total 36864K, used 27135K [0x00000000f5580000, 0x00000000f8700000, 0x0000000100000000)
  eden space 27136K, 99% used [0x00000000f5580000,0x00000000f6ffffe0,0x00000000f7000000)
  from space 9728K, 0% used [0x00000000f7b00000,0x00000000f7b00000,0x00000000f8480000)
  to   space 11264K, 0% used [0x00000000f7000000,0x00000000f7000000,0x00000000f7b00000)
 ParOldGen       total 349696K, used 349695K [0x00000000e0000000, 0x00000000f5580000, 0x00000000f5580000)
  object space 349696K, 99% used [0x00000000e0000000,0x00000000f557fdc8,0x00000000f5580000)
 Metaspace       used 51094K, committed 51968K, reserved 1097728K
  class space    used 5148K, committed 5568K, reserved 1048576K
}
Event: 515.941 GC heap after
{Heap after GC invocations=345 (full 272):
 PSYoungGen      total 38400K, used 27135K [0x00000000f5580000, 0x00000000f8700000, 0x0000000100000000)
  eden space 27136K, 99% used [0x00000000f5580000,0x00000000f6ffff80,0x00000000f7000000)
  from space 11264K, 0% used [0x00000000f7000000,0x00000000f7000000,0x00000000f7b00000)
  to   space 9728K, 0% used [0x00000000f7b00000,0x00000000f7b00000,0x00000000f8480000)
 ParOldGen       total 349696K, used 349695K [0x00000000e0000000, 0x00000000f5580000, 0x00000000f5580000)
  object space 349696K, 99% used [0x00000000e0000000,0x00000000f557fdc8,0x00000000f5580000)
 Metaspace       used 51094K, committed 51968K, reserved 1097728K
  class space    used 5148K, committed 5568K, reserved 1048576K
}
Event: 515.963 GC heap before
{Heap before GC invocations=346 (full 273):
 PSYoungGen      total 38400K, used 27136K [0x00000000f5580000, 0x00000000f8700000, 0x0000000100000000)
  eden space 27136K, 100% used [0x00000000f5580000,0x00000000f7000000,0x00000000f7000000)
  from space 11264K, 0% used [0x00000000f7000000,0x00000000f7000000,0x00000000f7b00000)
  to   space 9728K, 0% used [0x00000000f7b00000,0x00000000f7b00000,0x00000000f8480000)
 ParOldGen       total 349696K, used 349695K [0x00000000e0000000, 0x00000000f5580000, 0x00000000f5580000)
  object space 349696K, 99% used [0x00000000e0000000,0x00000000f557fdc8,0x00000000f5580000)
 Metaspace       used 51094K, committed 51968K, reserved 1097728K
  class space    used 5148K, committed 5568K, reserved 1048576K
}
Event: 517.663 GC heap after
{Heap after GC invocations=346 (full 273):
 PSYoungGen      total 36864K, used 27135K [0x00000000f5580000, 0x00000000f8700000, 0x0000000100000000)
  eden space 27136K, 99% used [0x00000000f5580000,0x00000000f6ffffe8,0x00000000f7000000)
  from space 9728K, 0% used [0x00000000f7b00000,0x00000000f7b00000,0x00000000f8480000)
  to   space 11264K, 0% used [0x00000000f7000000,0x00000000f7000000,0x00000000f7b00000)
 ParOldGen       total 349696K, used 349695K [0x00000000e0000000, 0x00000000f5580000, 0x00000000f5580000)
  object space 349696K, 99% used [0x00000000e0000000,0x00000000f557fdc8,0x00000000f5580000)
 Metaspace       used 51094K, committed 51968K, reserved 1097728K
  class space    used 5148K, committed 5568K, reserved 1048576K
}
Event: 517.664 GC heap before
{Heap before GC invocations=347 (full 274):
 PSYoungGen      total 36864K, used 27136K [0x00000000f5580000, 0x00000000f8700000, 0x0000000100000000)
  eden space 27136K, 100% used [0x00000000f5580000,0x00000000f7000000,0x00000000f7000000)
  from space 9728K, 0% used [0x00000000f7b00000,0x00000000f7b00000,0x00000000f8480000)
  to   space 11264K, 0% used [0x00000000f7000000,0x00000000f7000000,0x00000000f7b00000)
 ParOldGen       total 349696K, used 349695K [0x00000000e0000000, 0x00000000f5580000, 0x00000000f5580000)
  object space 349696K, 99% used [0x00000000e0000000,0x00000000f557fdc8,0x00000000f5580000)
 Metaspace       used 51094K, committed 51968K, reserved 1097728K
  class space    used 5148K, committed 5568K, reserved 1048576K
}
Event: 519.375 GC heap after
{Heap after GC invocations=347 (full 274):
 PSYoungGen      total 38400K, used 27136K [0x00000000f5580000, 0x00000000f8700000, 0x0000000100000000)
  eden space 27136K, 100% used [0x00000000f5580000,0x00000000f7000000,0x00000000f7000000)
  from space 11264K, 0% used [0x00000000f7000000,0x00000000f7000000,0x00000000f7b00000)
  to   space 9728K, 0% used [0x00000000f7b00000,0x00000000f7b00000,0x00000000f8480000)
 ParOldGen       total 349696K, used 349695K [0x00000000e0000000, 0x00000000f5580000, 0x00000000f5580000)
  object space 349696K, 99% used [0x00000000e0000000,0x00000000f557fda8,0x00000000f5580000)
 Metaspace       used 51094K, committed 51968K, reserved 1097728K
  class space    used 5148K, committed 5568K, reserved 1048576K
}
Event: 519.380 GC heap before
{Heap before GC invocations=348 (full 275):
 PSYoungGen      total 38400K, used 27136K [0x00000000f5580000, 0x00000000f8700000, 0x0000000100000000)
  eden space 27136K, 100% used [0x00000000f5580000,0x00000000f7000000,0x00000000f7000000)
  from space 11264K, 0% used [0x00000000f7000000,0x00000000f7000000,0x00000000f7b00000)
  to   space 9728K, 0% used [0x00000000f7b00000,0x00000000f7b00000,0x00000000f8480000)
 ParOldGen       total 349696K, used 349695K [0x00000000e0000000, 0x00000000f5580000, 0x00000000f5580000)
  object space 349696K, 99% used [0x00000000e0000000,0x00000000f557ff58,0x00000000f5580000)
 Metaspace       used 51094K, committed 51968K, reserved 1097728K
  class space    used 5148K, committed 5568K, reserved 1048576K
}
Event: 521.107 GC heap after
{Heap after GC invocations=348 (full 275):
 PSYoungGen      total 36864K, used 27136K [0x00000000f5580000, 0x00000000f8700000, 0x0000000100000000)
  eden space 27136K, 100% used [0x00000000f5580000,0x00000000f7000000,0x00000000f7000000)
  from space 9728K, 0% used [0x00000000f7b00000,0x00000000f7b00000,0x00000000f8480000)
  to   space 11264K, 0% used [0x00000000f7000000,0x00000000f7000000,0x00000000f7b00000)
 ParOldGen       total 349696K, used 349695K [0x00000000e0000000, 0x00000000f5580000, 0x00000000f5580000)
  object space 349696K, 99% used [0x00000000e0000000,0x00000000f557fdd8,0x00000000f5580000)
 Metaspace       used 51094K, committed 51968K, reserved 1097728K
  class space    used 5148K, committed 5568K, reserved 1048576K
}
Event: 521.107 GC heap before
{Heap before GC invocations=349 (full 276):
 PSYoungGen      total 36864K, used 27136K [0x00000000f5580000, 0x00000000f8700000, 0x0000000100000000)
  eden space 27136K, 100% used [0x00000000f5580000,0x00000000f7000000,0x00000000f7000000)
  from space 9728K, 0% used [0x00000000f7b00000,0x00000000f7b00000,0x00000000f8480000)
  to   space 11264K, 0% used [0x00000000f7000000,0x00000000f7000000,0x00000000f7b00000)
 ParOldGen       total 349696K, used 349695K [0x00000000e0000000, 0x00000000f5580000, 0x00000000f5580000)
  object space 349696K, 99% used [0x00000000e0000000,0x00000000f557fdd8,0x00000000f5580000)
 Metaspace       used 51094K, committed 51968K, reserved 1097728K
  class space    used 5148K, committed 5568K, reserved 1048576K
}
Event: 522.935 GC heap after
{Heap after GC invocations=349 (full 276):
 PSYoungGen      total 38400K, used 27135K [0x00000000f5580000, 0x00000000f8700000, 0x0000000100000000)
  eden space 27136K, 99% used [0x00000000f5580000,0x00000000f6ffff98,0x00000000f7000000)
  from space 11264K, 0% used [0x00000000f7000000,0x00000000f7000000,0x00000000f7b00000)
  to   space 9728K, 0% used [0x00000000f7b00000,0x00000000f7b00000,0x00000000f8480000)
 ParOldGen       total 349696K, used 349695K [0x00000000e0000000, 0x00000000f5580000, 0x00000000f5580000)
  object space 349696K, 99% used [0x00000000e0000000,0x00000000f557fc48,0x00000000f5580000)
 Metaspace       used 51094K, committed 51968K, reserved 1097728K
  class space    used 5148K, committed 5568K, reserved 1048576K
}

Dll operation events (9 events):
Event: 0.006 Loaded shared library /nix/store/gpxl5qgg8kicmcvivwmybwjlpf7wh20l-graalvm17-ce-22.3.0/lib/libjava.so
Event: 0.019 Loaded shared library /nix/store/gpxl5qgg8kicmcvivwmybwjlpf7wh20l-graalvm17-ce-22.3.0/lib/libjsvml.so
Event: 0.293 Loaded shared library /nix/store/gpxl5qgg8kicmcvivwmybwjlpf7wh20l-graalvm17-ce-22.3.0/lib/libnio.so
Event: 0.298 Loaded shared library /nix/store/gpxl5qgg8kicmcvivwmybwjlpf7wh20l-graalvm17-ce-22.3.0/lib/libzip.so
Event: 0.302 Loaded shared library /nix/store/gpxl5qgg8kicmcvivwmybwjlpf7wh20l-graalvm17-ce-22.3.0/lib/libjvmcicompiler.so
Event: 0.766 Loaded shared library /nix/store/gpxl5qgg8kicmcvivwmybwjlpf7wh20l-graalvm17-ce-22.3.0/lib/libjimage.so
Event: 2.807 Loaded shared library /nix/store/gpxl5qgg8kicmcvivwmybwjlpf7wh20l-graalvm17-ce-22.3.0/lib/libnet.so
Event: 4.282 Loaded shared library /home/runner/Math/.cache/jdt-language-server/config/org.eclipse.equinox.launcher/org.eclipse.equinox.launcher.gtk.linux.x86_64_1.2.400.v20211117-0650/eclipse_11600.so
Event: 15.648 Loaded shared library /nix/store/gpxl5qgg8kicmcvivwmybwjlpf7wh20l-graalvm17-ce-22.3.0/lib/libextnet.so

Deoptimization events (20 events):
Event: 70.869 Thread 0x00007f21dc607be0 DEOPT PACKING pc=0x00007f222fc65785 sp=0x00007f21f61fe530
Event: 70.869 Thread 0x00007f21dc607be0 DEOPT UNPACKING pc=0x00007f222f505325 sp=0x00007f21f61fda20 mode 0
Event: 70.872 Thread 0x00007f21dc607be0 DEOPT PACKING pc=0x00007f222fc65785 sp=0x00007f21f61fe530
Event: 70.873 Thread 0x00007f21dc607be0 DEOPT UNPACKING pc=0x00007f222f505325 sp=0x00007f21f61fda20 mode 0
Event: 70.875 Thread 0x00007f21dc607be0 DEOPT PACKING pc=0x00007f222fc65785 sp=0x00007f21f61fe530
Event: 70.875 Thread 0x00007f21dc607be0 DEOPT UNPACKING pc=0x00007f222f505325 sp=0x00007f21f61fda20 mode 0
Event: 70.889 Thread 0x00007f21dc607be0 DEOPT PACKING pc=0x00007f222fc65785 sp=0x00007f21f61fe530
Event: 70.889 Thread 0x00007f21dc607be0 DEOPT UNPACKING pc=0x00007f222f505325 sp=0x00007f21f61fda20 mode 0
Event: 70.891 Thread 0x00007f21dc607be0 DEOPT PACKING pc=0x00007f222fc65785 sp=0x00007f21f61fe530
Event: 70.891 Thread 0x00007f21dc607be0 DEOPT UNPACKING pc=0x00007f222f505325 sp=0x00007f21f61fda20 mode 0
Event: 70.893 Thread 0x00007f21dc607be0 DEOPT PACKING pc=0x00007f222fc65785 sp=0x00007f21f61fe530
Event: 70.893 Thread 0x00007f21dc607be0 DEOPT UNPACKING pc=0x00007f222f505325 sp=0x00007f21f61fda20 mode 0
Event: 421.484 Thread 0x00007f21cc0010d0 Uncommon trap: trap_request=0xffffff8f fr.pc=0x00007f22370416ac relative=0x000000000000040c
Event: 421.484 Thread 0x00007f21cc0010d0 Uncommon trap: reason=constraint action=none pc=0x00007f22370416ac method=java.util.ArrayList.add(Ljava/lang/Object;)Z @ 10 jvmci
Event: 421.484 Thread 0x00007f21cc0010d0 DEOPT PACKING pc=0x00007f22370416ac sp=0x00007f21f63fe1a0
Event: 421.484 Thread 0x00007f21cc0010d0 DEOPT UNPACKING pc=0x00007f222f505325 sp=0x00007f21f63fd668 mode 3
Event: 499.367 Thread 0x00007f21dc607be0 Uncommon trap: trap_request=0xffffff8f fr.pc=0x00007f22371ae114 relative=0x0000000000000274
Event: 499.367 Thread 0x00007f21dc607be0 Uncommon trap: reason=constraint action=none pc=0x00007f22371ae114 method=org.eclipse.jdt.internal.core.index.DiskIndex$IntList.add(I)V @ 0 jvmci
Event: 499.367 Thread 0x00007f21dc607be0 DEOPT PACKING pc=0x00007f22371ae114 sp=0x00007f21f61fe500
Event: 499.367 Thread 0x00007f21dc607be0 DEOPT UNPACKING pc=0x00007f222f505325 sp=0x00007f21f61fd9a0 mode 3

Classes unloaded (20 events):
Event: 154.983 Thread 0x00007f22480a1740 Unloading class 0x0000000800cb1800 'java/lang/invoke/LambdaForm$MH+0x0000000800cb1800'
Event: 154.983 Thread 0x00007f22480a1740 Unloading class 0x0000000800cb1000 'java/lang/invoke/LambdaForm$MH+0x0000000800cb1000'
Event: 154.983 Thread 0x00007f22480a1740 Unloading class 0x0000000800cb0c00 'java/lang/invoke/LambdaForm$MH+0x0000000800cb0c00'
Event: 154.983 Thread 0x00007f22480a1740 Unloading class 0x0000000800cb0800 'java/lang/invoke/LambdaForm$MH+0x0000000800cb0800'
Event: 161.997 Thread 0x00007f22480a1740 Unloading class 0x0000000800eed800 'jdk/internal/reflect/GeneratedConstructorAccessor14'
Event: 161.997 Thread 0x00007f22480a1740 Unloading class 0x0000000800eec800 'jdk/internal/reflect/GeneratedConstructorAccessor10'
Event: 161.997 Thread 0x00007f22480a1740 Unloading class 0x0000000800eec400 'jdk/internal/reflect/GeneratedConstructorAccessor9'
Event: 161.997 Thread 0x00007f22480a1740 Unloading class 0x0000000800eec000 'jdk/internal/reflect/GeneratedConstructorAccessor8'
Event: 165.477 Thread 0x00007f22480a1740 Unloading class 0x000000080104d400 'java/lang/invoke/LambdaForm$MH+0x000000080104d400'
Event: 165.477 Thread 0x00007f22480a1740 Unloading class 0x000000080104d000 'java/lang/invoke/LambdaForm$MH+0x000000080104d000'
Event: 165.477 Thread 0x00007f22480a1740 Unloading class 0x000000080104cc00 'java/lang/invoke/LambdaForm$MH+0x000000080104cc00'
Event: 165.477 Thread 0x00007f22480a1740 Unloading class 0x000000080104c800 'java/lang/invoke/LambdaForm$MH+0x000000080104c800'
Event: 165.477 Thread 0x00007f22480a1740 Unloading class 0x000000080104c400 'java/lang/invoke/LambdaForm$MH+0x000000080104c400'
Event: 165.477 Thread 0x00007f22480a1740 Unloading class 0x0000000801049800 'java/lang/invoke/LambdaForm$MH+0x0000000801049800'
Event: 165.477 Thread 0x00007f22480a1740 Unloading class 0x0000000800d88400 'java/lang/invoke/LambdaForm$MH+0x0000000800d88400'
Event: 165.477 Thread 0x00007f22480a1740 Unloading class 0x0000000800cb0000 'java/lang/invoke/LambdaForm$MH+0x0000000800cb0000'
Event: 174.091 Thread 0x00007f22480a1740 Unloading class 0x0000000801091800 'jdk/internal/reflect/GeneratedSerializationConstructorAccessor4'
Event: 174.092 Thread 0x00007f22480a1740 Unloading class 0x0000000801091000 'jdk/internal/reflect/GeneratedSerializationConstructorAccessor3'
Event: 174.092 Thread 0x00007f22480a1740 Unloading class 0x0000000801090400 'jdk/internal/reflect/GeneratedSerializationConstructorAccessor2'
Event: 174.092 Thread 0x00007f22480a1740 Unloading class 0x0000000801090000 'jdk/internal/reflect/GeneratedSerializationConstructorAccessor1'

Classes redefined (0 events):
No events

Internal exceptions (20 events):
Event: 28.374 Thread 0x00007f21b8000ff0 Exception <a 'java/lang/NoSuchMethodError'{0x00000000f55fbbd8}: 'java.lang.Object java.lang.invoke.DirectMethodHandle$Holder.newInvokeSpecial(java.lang.Object, java.lang.Object, java.lang.Object, java.lang.Object, java.lang.Object, java.lang.Object, java.lang.Object, java.lang.Object)'> (0x00000000f55fbbd8) 
thrown [src/hotspot/share/interpreter/linkResolver.cpp, line 758]
Event: 28.375 Thread 0x00007f21b8000ff0 Exception <a 'java/lang/NoSuchMethodError'{0x00000000f5631350}: 'java.lang.Object java.lang.invoke.DirectMethodHandle$Holder.invokeSpecial(java.lang.Object, java.lang.Object, java.lang.Object, java.lang.Object, java.lang.Object, java.lang.Object, java.lang.Object, java.lang.Object, java.lang.Object)'> (0x00000000f5631350) 
thrown [src/hotspot/share/interpreter/linkResolver.cpp, line 758]
Event: 28.375 Thread 0x00007f21b8000ff0 Exception <a 'java/lang/NoSuchMethodError'{0x00000000f56663d0}: 'java.lang.Object java.lang.invoke.Invokers$Holder.linkToTargetMethod(java.lang.Object, java.lang.Object, java.lang.Object, java.lang.Object, java.lang.Object, java.lang.Object, java.lang.Object, java.lang.Object)'> (0x00000000f56663d0) 
thrown [src/hotspot/share/interpreter/linkResolver.cpp, line 758]
Event: 29.605 Thread 0x00007f22483f7850 Exception <a 'sun/nio/fs/UnixException'{0x00000000f562d870}> (0x00000000f562d870) 
thrown [src/hotspot/share/prims/jni.cpp, line 516]
Event: 29.639 Thread 0x00007f22483f7850 Exception <a 'sun/nio/fs/UnixException'{0x00000000f563d928}> (0x00000000f563d928) 
thrown [src/hotspot/share/prims/jni.cpp, line 516]
Event: 30.908 Thread 0x00007f22483f7850 Exception <a 'java/lang/NoSuchMethodError'{0x00000000f5ca5c88}: 'int java.lang.invoke.DirectMethodHandle$Holder.invokeSpecial(java.lang.Object, java.lang.Object, java.lang.Object)'> (0x00000000f5ca5c88) 
thrown [src/hotspot/share/interpreter/linkResolver.cpp, line 758]
Event: 31.288 Thread 0x00007f22483f7850 Exception <a 'java/lang/NoSuchMethodError'{0x00000000f5da06f0}: 'int java.lang.invoke.DirectMethodHandle$Holder.invokeStatic(java.lang.Object, java.lang.Object, java.lang.Object, int)'> (0x00000000f5da06f0) 
thrown [src/hotspot/share/interpreter/linkResolver.cpp, line 758]
Event: 31.524 Thread 0x00007f22483f7850 Exception <a 'java/lang/NoSuchMethodError'{0x00000000f5633fb8}: 'int java.lang.invoke.DirectMethodHandle$Holder.invokeVirtual(java.lang.Object, java.lang.Object, java.lang.Object)'> (0x00000000f5633fb8) 
thrown [src/hotspot/share/interpreter/linkResolver.cpp, line 758]
Event: 31.968 Thread 0x00007f22483f7850 Exception <a 'java/io/FileNotFoundException'{0x00000000f5fd7610}> (0x00000000f5fd7610) 
thrown [src/hotspot/share/prims/jni.cpp, line 516]
Event: 31.978 Thread 0x00007f22483f7850 Implicit null exception at 0x00007f22370ba4e9 to 0x00007f22370ba69b
Event: 34.093 Thread 0x00007f21c0001130 Exception <a 'java/io/FileNotFoundException'{0x00000000f668e888}> (0x00000000f668e888) 
thrown [src/hotspot/share/prims/jni.cpp, line 516]
Event: 34.094 Thread 0x00007f21c0001130 Exception <a 'java/io/FileNotFoundException'{0x00000000f668f838}> (0x00000000f668f838) 
thrown [src/hotspot/share/prims/jni.cpp, line 516]
Event: 37.267 Thread 0x00007f21d4218700 Exception <a 'java/lang/NoSuchMethodError'{0x00000000f61ed638}: 'void java.lang.invoke.DirectMethodHandle$Holder.invokeSpecial(java.lang.Object, java.lang.Object, int)'> (0x00000000f61ed638) 
thrown [src/hotspot/share/interpreter/linkResolver.cpp, line 758]
Event: 38.711 Thread 0x00007f21d4218700 Exception <a 'java/lang/NoSuchMethodError'{0x00000000f560bf28}: 'int java.lang.invoke.DirectMethodHandle$Holder.invokeSpecialIFC(java.lang.Object, java.lang.Object, java.lang.Object, java.lang.Object)'> (0x00000000f560bf28) 
thrown [src/hotspot/share/interpreter/linkResolver.cpp, line 758]
Event: 44.685 Thread 0x00007f21dc607be0 Implicit null exception at 0x00007f2237101806 to 0x00007f2237105509
Event: 421.484 Thread 0x00007f21cc0010d0 Exception <a 'java/lang/OutOfMemoryError'{0x00000000e00d1398}> (0x00000000e00d1398) 
thrown [src/hotspot/share/gc/shared/memAllocator.cpp, line 138]
Event: 421.484 Thread 0x00007f21cc0010d0 Implicit null exception at 0x00007f22370415d5 to 0x00007f2237041691
Event: 499.367 Thread 0x00007f21dc607be0 Exception <a 'java/lang/OutOfMemoryError'{0x00000000e00d0dd0}> (0x00000000e00d0dd0) 
thrown [src/hotspot/share/gc/shared/memAllocator.cpp, line 138]
Event: 499.367 Thread 0x00007f21dc607be0 Implicit null exception at 0x00007f22371ae06d to 0x00007f22371ae0f9
Event: 522.935 Thread 0x00007f22480b1d30 Exception <a 'java/lang/OutOfMemoryError'{0x00000000e00d0b50}> (0x00000000e00d0b50) 
thrown [src/hotspot/share/gc/shared/memAllocator.cpp, line 136]

VM Operations (20 events):
Event: 504.299 Executing VM operation: ParallelGCFailedAllocation
Event: 505.907 Executing VM operation: ParallelGCFailedAllocation done
Event: 505.907 Executing VM operation: ParallelGCFailedAllocation
Event: 507.652 Executing VM operation: ParallelGCFailedAllocation done
Event: 507.653 Executing VM operation: ParallelGCFailedAllocation
Event: 509.228 Executing VM operation: ParallelGCFailedAllocation done
Event: 509.232 Executing VM operation: ParallelGCFailedAllocation
Event: 511.028 Executing VM operation: ParallelGCFailedAllocation done
Event: 511.030 Executing VM operation: ParallelGCFailedAllocation
Event: 512.572 Executing VM operation: ParallelGCFailedAllocation done
Event: 512.573 Executing VM operation: ParallelGCFailedAllocation
Event: 514.274 Executing VM operation: ParallelGCFailedAllocation done
Event: 514.274 Executing VM operation: ParallelGCFailedAllocation
Event: 515.962 Executing VM operation: ParallelGCFailedAllocation done
Event: 515.962 Executing VM operation: ParallelGCFailedAllocation
Event: 517.664 Executing VM operation: ParallelGCFailedAllocation done
Event: 517.664 Executing VM operation: ParallelGCFailedAllocation
Event: 519.375 Executing VM operation: ParallelGCFailedAllocation done
Event: 519.378 Executing VM operation: ParallelGCFailedAllocation
Event: 522.935 Executing VM operation: ParallelGCFailedAllocation done

Events (20 events):
Event: 35.569 Thread 0x00007f21d4218700 Thread added: 0x00007f21d4218700
Event: 35.569 loading class java/util/concurrent/CompletableFuture$UniAccept
Event: 35.569 loading class java/util/concurrent/CompletableFuture$UniAccept done
Event: 35.569 loading class java/util/concurrent/CompletableFuture$UniExceptionally
Event: 35.570 loading class java/util/concurrent/CompletableFuture$UniExceptionally done
Event: 35.570 Protecting memory [0x00007f21f5700000,0x00007f21f5704000] with protection modes 0
Event: 35.601 loading class java/util/concurrent/CompletableFuture$Signaller
Event: 35.601 loading class java/util/concurrent/CompletableFuture$Signaller done
Event: 36.182 loading class java/util/Collections$SynchronizedRandomAccessList
Event: 36.182 loading class java/util/Collections$SynchronizedList
Event: 36.182 loading class java/util/Collections$SynchronizedList done
Event: 36.182 loading class java/util/Collections$SynchronizedRandomAccessList done
Event: 37.762 loading class java/util/AbstractList$SubList
Event: 37.763 loading class java/util/AbstractList$SubList done
Event: 38.735 Thread 0x00007f21d4218700 Thread exited: 0x00007f21d4218700
Event: 57.485 Thread 0x00007f22480b4690 flushing nmethod 0x00007f22370afd90
Event: 61.619 Thread 0x00007f22482181e0 Thread exited: 0x00007f22482181e0
Event: 101.605 Thread 0x00007f21cc007270 Thread exited: 0x00007f21cc007270
Event: 101.606 Thread 0x00007f21b8000ff0 Thread exited: 0x00007f21b8000ff0
Event: 107.192 Thread 0x00007f21dc47e050 Thread exited: 0x00007f21dc47e050


Dynamic libraries:
e0000000-f4a80000 rw-p 00000000 00:00 0 
f4a80000-f8700000 rw-p 00000000 00:00 0 
f8700000-100000000 ---p 00000000 00:00 0 
800000000-800449000 rw-p 00001000 00:36c 707969865                       /nix/store/gpxl5qgg8kicmcvivwmybwjlpf7wh20l-graalvm17-ce-22.3.0/lib/server/classes.jsa
800449000-800bc8000 r--p 0044a000 00:36c 707969865                       /nix/store/gpxl5qgg8kicmcvivwmybwjlpf7wh20l-graalvm17-ce-22.3.0/lib/server/classes.jsa
800bc8000-800c00000 ---p 00000000 00:00 0 
800c00000-800c10000 rw-p 00000000 00:00 0 
800c10000-800c30000 rw-p 00000000 00:00 0 
800c30000-800cb0000 rw-p 00000000 00:00 0 
800cb0000-800cf0000 rw-p 00000000 00:00 0 
800cf0000-800db0000 rw-p 00000000 00:00 0 
800db0000-800df0000 rw-p 00000000 00:00 0 
800df0000-800f30000 rw-p 00000000 00:00 0 
800f30000-800fb0000 rw-p 00000000 00:00 0 
800fb0000-800ff0000 rw-p 00000000 00:00 0 
800ff0000-801000000 ---p 00000000 00:00 0 
801000000-801180000 rw-p 00000000 00:00 0 
801180000-840c00000 ---p 00000000 00:00 0 
555ebd6e8000-555ebd6e9000 r-xp 00000000 00:36c 672029940                 /nix/store/gpxl5qgg8kicmcvivwmybwjlpf7wh20l-graalvm17-ce-22.3.0/bin/.java-wrapped
555ebd6ea000-555ebd6eb000 r--p 00001000 00:36c 672029940                 /nix/store/gpxl5qgg8kicmcvivwmybwjlpf7wh20l-graalvm17-ce-22.3.0/bin/.java-wrapped
555ebd6eb000-555ebd6ec000 rw-p 00002000 00:36c 672029940                 /nix/store/gpxl5qgg8kicmcvivwmybwjlpf7wh20l-graalvm17-ce-22.3.0/bin/.java-wrapped
555ebd6ec000-555ebd6ed000 rw-p 00004000 00:36c 672029940                 /nix/store/gpxl5qgg8kicmcvivwmybwjlpf7wh20l-graalvm17-ce-22.3.0/bin/.java-wrapped
555ebd6ed000-555ebd6ee000 rw-p 00005000 00:36c 672029940                 /nix/store/gpxl5qgg8kicmcvivwmybwjlpf7wh20l-graalvm17-ce-22.3.0/bin/.java-wrapped
555ebdce6000-555ebdd2e000 rw-p 00000000 00:00 0                          [heap]
7f219c000000-7f219c021000 rw-p 00000000 00:00 0 
7f219c021000-7f21a0000000 ---p 00000000 00:00 0 
7f21a24b3000-7f21ac000000 r--s 00000000 00:36c 707804677                 /nix/store/gpxl5qgg8kicmcvivwmybwjlpf7wh20l-graalvm17-ce-22.3.0/lib/modules
7f21ac000000-7f21ac10a000 rw-p 00000000 00:00 0 
7f21ac10a000-7f21b0000000 ---p 00000000 00:00 0 
7f21b0000000-7f21b0021000 rw-p 00000000 00:00 0 
7f21b0021000-7f21b4000000 ---p 00000000 00:00 0 
7f21b4000000-7f21b40df000 rw-p 00000000 00:00 0 
7f21b40df000-7f21b8000000 ---p 00000000 00:00 0 
7f21b8000000-7f21b8021000 rw-p 00000000 00:00 0 
7f21b8021000-7f21bc000000 ---p 00000000 00:00 0 
7f21bc000000-7f21bc021000 rw-p 00000000 00:00 0 
7f21bc021000-7f21c0000000 ---p 00000000 00:00 0 
7f21c0000000-7f21c010c000 rw-p 00000000 00:00 0 
7f21c010c000-7f21c4000000 ---p 00000000 00:00 0 
7f21c4000000-7f21c4073000 rw-p 00000000 00:00 0 
7f21c4073000-7f21c8000000 ---p 00000000 00:00 0 
7f21c8000000-7f21c8021000 rw-p 00000000 00:00 0 
7f21c8021000-7f21cc000000 ---p 00000000 00:00 0 
7f21cc000000-7f21cc2e6000 rw-p 00000000 00:00 0 
7f21cc2e6000-7f21d0000000 ---p 00000000 00:00 0 
7f21d0000000-7f21d003b000 rw-p 00000000 00:00 0 
7f21d003b000-7f21d4000000 ---p 00000000 00:00 0 
7f21d4000000-7f21d4227000 rw-p 00000000 00:00 0 
7f21d4227000-7f21d8000000 ---p 00000000 00:00 0 
7f21d8000000-7f21d8021000 rw-p 00000000 00:00 0 
7f21d8021000-7f21dc000000 ---p 00000000 00:00 0 
7f21dc000000-7f21dc877000 rw-p 00000000 00:00 0 
7f21dc877000-7f21e0000000 ---p 00000000 00:00 0 
7f21e0000000-7f21e0021000 rw-p 00000000 00:00 0 
7f21e0021000-7f21e4000000 ---p 00000000 00:00 0 
7f21e4000000-7f21e4021000 rw-p 00000000 00:00 0 
7f21e4021000-7f21e8000000 ---p 00000000 00:00 0 
7f21e8000000-7f21e8021000 rw-p 00000000 00:00 0 
7f21e8021000-7f21ec000000 ---p 00000000 00:00 0 
7f21ec000000-7f21ec021000 rw-p 00000000 00:00 0 
7f21ec021000-7f21f0000000 ---p 00000000 00:00 0 
7f21f0000000-7f21f00f0000 rw-p 00000000 00:00 0 
7f21f00f0000-7f21f0150000 rw-p 00000000 00:00 0 
7f21f0150000-7f21f0200000 ---p 00000000 00:00 0 
7f21f0200000-7f21f0310000 rw-p 00000000 00:00 0 
7f21f0310000-7f21f0600000 rw-p 00000000 00:00 0 
7f21f0600000-7f21f0800000 ---p 00000000 00:00 0 
7f21f0800000-7f21f0b70000 rw-p 00000000 00:00 0 
7f21f0b70000-7f21f0bf0000 rw-p 00000000 00:00 0 
7f21f0bf0000-7f21f0ff0000 rw-p 00000000 00:00 0 
7f21f0ff0000-7f21f10f0000 rw-p 00000000 00:00 0 
7f21f10f0000-7f21f12f0000 rw-p 00000000 00:00 0 
7f21f12f0000-7f21f13f0000 rw-p 00000000 00:00 0 
7f21f13f0000-7f21f14f0000 rw-p 00000000 00:00 0 
7f21f14f0000-7f21f15f0000 rw-p 00000000 00:00 0 
7f21f15f0000-7f21f17f0000 rw-p 00000000 00:00 0 
7f21f17f0000-7f21f1800000 rw-p 00000000 00:00 0 
7f21f2000000-7f21f22f0000 rw-p 00000000 00:00 0 
7f21f22f0000-7f21f23f0000 rw-p 00000000 00:00 0 
7f21f23f0000-7f21f2770000 rw-p 00000000 00:00 0 
7f21f2770000-7f21f27f0000 rw-p 00000000 00:00 0 
7f21f27f0000-7f21f2800000 rw-p 00000000 00:00 0 
7f21f2c00000-7f21f2cf0000 rw-p 00000000 00:00 0 
7f21f2cf0000-7f21f2df0000 rw-p 00000000 00:00 0 
7f21f2df0000-7f21f32f0000 rw-p 00000000 00:00 0 
7f21f32f0000-7f21f33f0000 rw-p 00000000 00:00 0 
7f21f33f0000-7f21f3400000 rw-p 00000000 00:00 0 
7f21f3600000-7f21f3610000 r-xp 00000000 00:161 310                       /home/runner/Math/.cache/jdt-language-server/config/org.eclipse.equinox.launcher/org.eclipse.equinox.launcher.gtk.linux.x86_64_1.2.400.v20211117-0650/eclipse_11600.so
7f21f3610000-7f21f380f000 ---p 00010000 00:161 310                       /home/runner/Math/.cache/jdt-language-server/config/org.eclipse.equinox.launcher/org.eclipse.equinox.launcher.gtk.linux.x86_64_1.2.400.v20211117-0650/eclipse_11600.so
7f21f380f000-7f21f3810000 r--p 0000f000 00:161 310                       /home/runner/Math/.cache/jdt-language-server/config/org.eclipse.equinox.launcher/org.eclipse.equinox.launcher.gtk.linux.x86_64_1.2.400.v20211117-0650/eclipse_11600.so
7f21f3810000-7f21f3811000 rw-p 00010000 00:161 310                       /home/runner/Math/.cache/jdt-language-server/config/org.eclipse.equinox.launcher/org.eclipse.equinox.launcher.gtk.linux.x86_64_1.2.400.v20211117-0650/eclipse_11600.so
7f21f4100000-7f21f4200000 ---p 00000000 00:00 0 
7f21f4200000-7f21f47af000 r--p 01122000 00:36c 707802136                 /nix/store/gpxl5qgg8kicmcvivwmybwjlpf7wh20l-graalvm17-ce-22.3.0/lib/libjvmcicompiler.so
7f21f47af000-7f21f4900000 r--p 00000000 00:00 0 
7f21f4900000-7f21f493d000 rw-p 00000000 00:00 0 
7f21f493d000-7f21f4e5d000 rw-p 0185f000 00:36c 707802136                 /nix/store/gpxl5qgg8kicmcvivwmybwjlpf7wh20l-graalvm17-ce-22.3.0/lib/libjvmcicompiler.so
7f21f4e5d000-7f21f5244000 r--p 01d7f000 00:36c 707802136                 /nix/store/gpxl5qgg8kicmcvivwmybwjlpf7wh20l-graalvm17-ce-22.3.0/lib/libjvmcicompiler.so
7f21f5300000-7f21f5304000 ---p 00000000 00:00 0 
7f21f5304000-7f21f5400000 rw-p 00000000 00:00 0 
7f21f5500000-7f21f5504000 ---p 00000000 00:00 0 
7f21f5504000-7f21f5600000 rw-p 00000000 00:00 0 
7f21f5700000-7f21f5704000 ---p 00000000 00:00 0 
7f21f5704000-7f21f5800000 rw-p 00000000 00:00 0 
7f21f5900000-7f21f5904000 ---p 00000000 00:00 0 
7f21f5904000-7f21f5a00000 rw-p 00000000 00:00 0 
7f21f5b00000-7f21f5b04000 ---p 00000000 00:00 0 
7f21f5b04000-7f21f5c00000 rw-p 00000000 00:00 0 
7f21f5d00000-7f21f5d04000 ---p 00000000 00:00 0 
7f21f5d04000-7f21f5e00000 rw-p 00000000 00:00 0 
7f21f5f00000-7f21f5f04000 ---p 00000000 00:00 0 
7f21f5f04000-7f21f6000000 rw-p 00000000 00:00 0 
7f21f6100000-7f21f6104000 ---p 00000000 00:00 0 
7f21f6104000-7f21f6200000 rw-p 00000000 00:00 0 
7f21f6300000-7f21f6304000 ---p 00000000 00:00 0 
7f21f6304000-7f21f6400000 rw-p 00000000 00:00 0 
7f21f6500000-7f21f6504000 ---p 00000000 00:00 0 
7f21f6504000-7f21f6600000 rw-p 00000000 00:00 0 
7f21f6700000-7f21f6704000 ---p 00000000 00:00 0 
7f21f6704000-7f21f6800000 rw-p 00000000 00:00 0 
7f21f6900000-7f21f6904000 ---p 00000000 00:00 0 
7f21f6904000-7f21f6a00000 rw-p 00000000 00:00 0 
7f21f6b00000-7f21f6b04000 ---p 00000000 00:00 0 
7f21f6b04000-7f21f6c00000 rw-p 00000000 00:00 0 
7f21f6c00000-7f21f6c04000 ---p 00000000 00:00 0 
7f21f6c04000-7f21f6d00000 rw-p 00000000 00:00 0 
7f21f6d00000-7f21f6d04000 ---p 00000000 00:00 0 
7f21f6d04000-7f21f6e00000 rw-p 00000000 00:00 0 
7f21f7a68000-7f21f7f00000 rw-p 00000000 00:00 0 
7f21f8000000-7f21f8021000 rw-p 00000000 00:00 0 
7f21f8021000-7f21fc000000 ---p 00000000 00:00 0 
7f21fc000000-7f21fc021000 rw-p 00000000 00:00 0 
7f21fc021000-7f2200000000 ---p 00000000 00:00 0 
7f2200000000-7f2200021000 rw-p 00000000 00:00 0 
7f2200021000-7f2204000000 ---p 00000000 00:00 0 
7f2204000000-7f2204021000 rw-p 00000000 00:00 0 
7f2204021000-7f2208000000 ---p 00000000 00:00 0 
7f2208000000-7f22080cb000 rw-p 00000000 00:00 0 
7f22080cb000-7f220c000000 ---p 00000000 00:00 0 
7f220c000000-7f220c806000 rw-p 00000000 00:00 0 
7f220c806000-7f2210000000 ---p 00000000 00:00 0 
7f2210000000-7f2210021000 rw-p 00000000 00:00 0 
7f2210021000-7f2214000000 ---p 00000000 00:00 0 
7f2214000000-7f2214021000 rw-p 00000000 00:00 0 
7f2214021000-7f2218000000 ---p 00000000 00:00 0 
7f2218000000-7f2218021000 rw-p 00000000 00:00 0 
7f2218021000-7f221c000000 ---p 00000000 00:00 0 
7f221c000000-7f221c021000 rw-p 00000000 00:00 0 
7f221c021000-7f2220000000 ---p 00000000 00:00 0 
7f2220000000-7f2220021000 rw-p 00000000 00:00 0 
7f2220021000-7f2224000000 ---p 00000000 00:00 0 
7f2224000000-7f2224021000 rw-p 00000000 00:00 0 
7f2224021000-7f2228000000 ---p 00000000 00:00 0 
7f2228000000-7f222803e000 rw-p 00000000 00:00 0 
7f222803e000-7f222c000000 ---p 00000000 00:00 0 
7f222c100000-7f222c104000 ---p 00000000 00:00 0 
7f222c104000-7f222c200000 rw-p 00000000 00:00 0 
7f222c200000-7f222e36a000 r-xp 00000000 00:36c 707802136                 /nix/store/gpxl5qgg8kicmcvivwmybwjlpf7wh20l-graalvm17-ce-22.3.0/lib/libjvmcicompiler.so
7f222e36a000-7f222e569000 ---p 0216a000 00:36c 707802136                 /nix/store/gpxl5qgg8kicmcvivwmybwjlpf7wh20l-graalvm17-ce-22.3.0/lib/libjvmcicompiler.so
7f222e569000-7f222e56a000 r--p 02169000 00:36c 707802136                 /nix/store/gpxl5qgg8kicmcvivwmybwjlpf7wh20l-graalvm17-ce-22.3.0/lib/libjvmcicompiler.so
7f222e56a000-7f222e56c000 rw-p 0216a000 00:36c 707802136                 /nix/store/gpxl5qgg8kicmcvivwmybwjlpf7wh20l-graalvm17-ce-22.3.0/lib/libjvmcicompiler.so
7f222e56c000-7f222e56d000 rw-p 00000000 00:00 0 
7f222e56d000-7f222e572000 rw-p 023c3000 00:36c 707802136                 /nix/store/gpxl5qgg8kicmcvivwmybwjlpf7wh20l-graalvm17-ce-22.3.0/lib/libjvmcicompiler.so
7f222e5cb000-7f222e5cf000 ---p 00000000 00:00 0 
7f222e5cf000-7f222e6cb000 rw-p 00000000 00:00 0 
7f222e6cb000-7f222e6cc000 ---p 00000000 00:00 0 
7f222e6cc000-7f222e7cd000 rw-p 00000000 00:00 0 
7f222e7cd000-7f222e7d1000 ---p 00000000 00:00 0 
7f222e7d1000-7f222e8cd000 rw-p 00000000 00:00 0 
7f222e8cd000-7f222e8d1000 ---p 00000000 00:00 0 
7f222e8d1000-7f222e9cd000 rw-p 00000000 00:00 0 
7f222e9cd000-7f222e9d1000 ---p 00000000 00:00 0 
7f222e9d1000-7f222eacd000 rw-p 00000000 00:00 0 
7f222eacd000-7f222ead1000 ---p 00000000 00:00 0 
7f222ead1000-7f222eccd000 rw-p 00000000 00:00 0 
7f222eccd000-7f222ecd1000 ---p 00000000 00:00 0 
7f222ecd1000-7f222eecd000 rw-p 00000000 00:00 0 
7f222eecd000-7f222eed1000 ---p 00000000 00:00 0 
7f222eed1000-7f222efcd000 rw-p 00000000 00:00 0 
7f222efcd000-7f222efd1000 ---p 00000000 00:00 0 
7f222efd1000-7f222f0cd000 rw-p 00000000 00:00 0 
7f222f0cd000-7f222f0d1000 ---p 00000000 00:00 0 
7f222f0d1000-7f222f1cd000 rw-p 00000000 00:00 0 
7f222f1cd000-7f222f4b3000 r--p 00000000 00:3a2 28444448                  /usr/lib/locale/locale-archive
7f222f4b3000-7f222f723000 rwxp 00000000 00:00 0 
7f222f723000-7f222fa42000 ---p 00000000 00:00 0 
7f222fa42000-7f2230652000 rwxp 00000000 00:00 0 
7f2230652000-7f2236f7a000 ---p 00000000 00:00 0 
7f2236f7a000-7f22371ea000 rwxp 00000000 00:00 0 
7f22371ea000-7f223e4b3000 ---p 00000000 00:00 0 
7f223e4b3000-7f2248000000 r--s 00000000 00:36c 707804677                 /nix/store/gpxl5qgg8kicmcvivwmybwjlpf7wh20l-graalvm17-ce-22.3.0/lib/modules
7f2248000000-7f22483ff000 rw-p 00000000 00:00 0 
7f22483ff000-7f224c000000 ---p 00000000 00:00 0 
7f224c0fe000-7f224c102000 ---p 00000000 00:00 0 
7f224c102000-7f224c1fe000 rw-p 00000000 00:00 0 
7f224c1fe000-7f224c202000 ---p 00000000 00:00 0 
7f224c202000-7f224c2fe000 rw-p 00000000 00:00 0 
7f224c2fe000-7f224c2ff000 ---p 00000000 00:00 0 
7f224c2ff000-7f224c7f0000 rw-p 00000000 00:00 0 
7f224c7f0000-7f224cab0000 rw-p 00000000 00:00 0 
7f224cab0000-7f224caf0000 rw-p 00000000 00:00 0 
7f224caf0000-7f224cc00000 rw-p 00000000 00:00 0 
7f224cc5b000-7f224cc5d000 r-xp 00000000 00:36c 707802113                 /nix/store/gpxl5qgg8kicmcvivwmybwjlpf7wh20l-graalvm17-ce-22.3.0/lib/libextnet.so
7f224cc5d000-7f224cc5e000 r--p 00001000 00:36c 707802113                 /nix/store/gpxl5qgg8kicmcvivwmybwjlpf7wh20l-graalvm17-ce-22.3.0/lib/libextnet.so
7f224cc5e000-7f224cc5f000 rw-p 00002000 00:36c 707802113                 /nix/store/gpxl5qgg8kicmcvivwmybwjlpf7wh20l-graalvm17-ce-22.3.0/lib/libextnet.so
7f224cc5f000-7f224cc60000 rw-p 00004000 00:36c 707802113                 /nix/store/gpxl5qgg8kicmcvivwmybwjlpf7wh20l-graalvm17-ce-22.3.0/lib/libextnet.so
7f224cc60000-7f224cc64000 ---p 00000000 00:00 0 
7f224cc64000-7f224cc82000 rw-p 00000000 00:00 0 
7f224cc82000-7f224cc89000 r-xp 00000000 00:36c 707804676                 /nix/store/gpxl5qgg8kicmcvivwmybwjlpf7wh20l-graalvm17-ce-22.3.0/lib/libzip.so
7f224cc89000-7f224cc8a000 ---p 00007000 00:36c 707804676                 /nix/store/gpxl5qgg8kicmcvivwmybwjlpf7wh20l-graalvm17-ce-22.3.0/lib/libzip.so
7f224cc8a000-7f224cc8b000 r--p 00007000 00:36c 707804676                 /nix/store/gpxl5qgg8kicmcvivwmybwjlpf7wh20l-graalvm17-ce-22.3.0/lib/libzip.so
7f224cc8b000-7f224cc8c000 rw-p 00008000 00:36c 707804676                 /nix/store/gpxl5qgg8kicmcvivwmybwjlpf7wh20l-graalvm17-ce-22.3.0/lib/libzip.so
7f224cc8c000-7f224cc8e000 rw-p 0000b000 00:36c 707804676                 /nix/store/gpxl5qgg8kicmcvivwmybwjlpf7wh20l-graalvm17-ce-22.3.0/lib/libzip.so
7f224cc8e000-7f224cca3000 r-xp 00000000 00:36c 707804666                 /nix/store/gpxl5qgg8kicmcvivwmybwjlpf7wh20l-graalvm17-ce-22.3.0/lib/libnet.so
7f224cca3000-7f224cca4000 ---p 00015000 00:36c 707804666                 /nix/store/gpxl5qgg8kicmcvivwmybwjlpf7wh20l-graalvm17-ce-22.3.0/lib/libnet.so
7f224cca4000-7f224cca5000 r--p 00015000 00:36c 707804666                 /nix/store/gpxl5qgg8kicmcvivwmybwjlpf7wh20l-graalvm17-ce-22.3.0/lib/libnet.so
7f224cca5000-7f224cca6000 rw-p 00016000 00:36c 707804666                 /nix/store/gpxl5qgg8kicmcvivwmybwjlpf7wh20l-graalvm17-ce-22.3.0/lib/libnet.so
7f224cca6000-7f224cca9000 rw-p 0001b000 00:36c 707804666                 /nix/store/gpxl5qgg8kicmcvivwmybwjlpf7wh20l-graalvm17-ce-22.3.0/lib/libnet.so
7f224cca9000-7f224ccbc000 r-xp 00000000 00:36c 707804667                 /nix/store/gpxl5qgg8kicmcvivwmybwjlpf7wh20l-graalvm17-ce-22.3.0/lib/libnio.so
7f224ccbc000-7f224ccbd000 r--p 00012000 00:36c 707804667                 /nix/store/gpxl5qgg8kicmcvivwmybwjlpf7wh20l-graalvm17-ce-22.3.0/lib/libnio.so
7f224ccbd000-7f224ccbe000 rw-p 00013000 00:36c 707804667                 /nix/store/gpxl5qgg8kicmcvivwmybwjlpf7wh20l-graalvm17-ce-22.3.0/lib/libnio.so
7f224ccbe000-7f224ccc3000 rw-p 00019000 00:36c 707804667                 /nix/store/gpxl5qgg8kicmcvivwmybwjlpf7wh20l-graalvm17-ce-22.3.0/lib/libnio.so
7f224ccc3000-7f224cd91000 r-xp 00000000 00:36c 707802132                 /nix/store/gpxl5qgg8kicmcvivwmybwjlpf7wh20l-graalvm17-ce-22.3.0/lib/libjsvml.so
7f224cd91000-7f224cd92000 r--p 000cd000 00:36c 707802132                 /nix/store/gpxl5qgg8kicmcvivwmybwjlpf7wh20l-graalvm17-ce-22.3.0/lib/libjsvml.so
7f224cd92000-7f224cd93000 rw-p 000ce000 00:36c 707802132                 /nix/store/gpxl5qgg8kicmcvivwmybwjlpf7wh20l-graalvm17-ce-22.3.0/lib/libjsvml.so
7f224cd93000-7f224e66b000 rw-p 00000000 00:00 0 
7f224e66b000-7f224e66c000 ---p 00000000 00:00 0 
7f224e66c000-7f224e813000 rw-p 00000000 00:00 0 
7f224e813000-7f224e831000 rw-p 00000000 00:00 0 
7f224e831000-7f224e86d000 ---p 00000000 00:00 0 
7f224e86d000-7f224e873000 rw-p 00000000 00:00 0 
7f224e873000-7f224e959000 ---p 00000000 00:00 0 
7f224e959000-7f224e972000 rw-p 00000000 00:00 0 
7f224e972000-7f224ea44000 ---p 00000000 00:00 0 
7f224ea44000-7f224ea49000 rw-p 00000000 00:00 0 
7f224ea49000-7f224ea50000 ---p 00000000 00:00 0 
7f224ea50000-7f224ea74000 r-xp 00000000 00:36c 707802124                 /nix/store/gpxl5qgg8kicmcvivwmybwjlpf7wh20l-graalvm17-ce-22.3.0/lib/libjava.so
7f224ea74000-7f224ea75000 ---p 00024000 00:36c 707802124                 /nix/store/gpxl5qgg8kicmcvivwmybwjlpf7wh20l-graalvm17-ce-22.3.0/lib/libjava.so
7f224ea75000-7f224ea76000 r--p 00024000 00:36c 707802124                 /nix/store/gpxl5qgg8kicmcvivwmybwjlpf7wh20l-graalvm17-ce-22.3.0/lib/libjava.so
7f224ea76000-7f224ea77000 rw-p 00025000 00:36c 707802124                 /nix/store/gpxl5qgg8kicmcvivwmybwjlpf7wh20l-graalvm17-ce-22.3.0/lib/libjava.so
7f224ea77000-7f224ea78000 rw-p 00000000 00:00 0 
7f224ea78000-7f224ea7f000 rw-p 0002f000 00:36c 707802124                 /nix/store/gpxl5qgg8kicmcvivwmybwjlpf7wh20l-graalvm17-ce-22.3.0/lib/libjava.so
7f224ea7f000-7f224ea87000 rw-s 00000000 00:36d 386                       /tmp/hsperfdata_runner/40
7f224ea87000-7f224ea88000 ---p 00000000 00:00 0 
7f224ea88000-7f224ea89000 r--p 00000000 00:00 0 
7f224ea89000-7f224ea8a000 rwxp 00000000 00:00 0 
7f224ea8a000-7f224eaa5000 r-xp 00000000 00:36c 707802128                 /nix/store/gpxl5qgg8kicmcvivwmybwjlpf7wh20l-graalvm17-ce-22.3.0/lib/libjimage.so
7f224eaa5000-7f224eaa6000 ---p 0001b000 00:36c 707802128                 /nix/store/gpxl5qgg8kicmcvivwmybwjlpf7wh20l-graalvm17-ce-22.3.0/lib/libjimage.so
7f224eaa6000-7f224eaa8000 r--p 0001b000 00:36c 707802128                 /nix/store/gpxl5qgg8kicmcvivwmybwjlpf7wh20l-graalvm17-ce-22.3.0/lib/libjimage.so
7f224eaa8000-7f224eaa9000 rw-p 0001d000 00:36c 707802128                 /nix/store/gpxl5qgg8kicmcvivwmybwjlpf7wh20l-graalvm17-ce-22.3.0/lib/libjimage.so
7f224eaa9000-7f224eaaa000 rw-p 00024000 00:36c 707802128                 /nix/store/gpxl5qgg8kicmcvivwmybwjlpf7wh20l-graalvm17-ce-22.3.0/lib/libjimage.so
7f224eaaa000-7f224eaae000 ---p 00000000 00:00 0 
7f224eaae000-7f224ebaa000 rw-p 00000000 00:00 0 
7f224ebaa000-7f224ebb8000 r--p 00000000 00:36c 600592023                 /nix/store/4nlgxhb09sdr51nc9hdm8az5b08vzkgx-glibc-2.35-163/lib/libm.so.6
7f224ebb8000-7f224ec2b000 r-xp 0000e000 00:36c 600592023                 /nix/store/4nlgxhb09sdr51nc9hdm8az5b08vzkgx-glibc-2.35-163/lib/libm.so.6
7f224ec2b000-7f224ec88000 r--p 00081000 00:36c 600592023                 /nix/store/4nlgxhb09sdr51nc9hdm8az5b08vzkgx-glibc-2.35-163/lib/libm.so.6
7f224ec88000-7f224ec89000 r--p 000dd000 00:36c 600592023                 /nix/store/4nlgxhb09sdr51nc9hdm8az5b08vzkgx-glibc-2.35-163/lib/libm.so.6
7f224ec89000-7f224ec8a000 rw-p 000de000 00:36c 600592023                 /nix/store/4nlgxhb09sdr51nc9hdm8az5b08vzkgx-glibc-2.35-163/lib/libm.so.6
7f224ec8a000-7f224ec8b000 r--p 00000000 00:36c 600592042                 /nix/store/4nlgxhb09sdr51nc9hdm8az5b08vzkgx-glibc-2.35-163/lib/librt.so.1
7f224ec8b000-7f224ec8c000 r-xp 00001000 00:36c 600592042                 /nix/store/4nlgxhb09sdr51nc9hdm8az5b08vzkgx-glibc-2.35-163/lib/librt.so.1
7f224ec8c000-7f224ec8d000 r--p 00002000 00:36c 600592042                 /nix/store/4nlgxhb09sdr51nc9hdm8az5b08vzkgx-glibc-2.35-163/lib/librt.so.1
7f224ec8d000-7f224ec8e000 r--p 00002000 00:36c 600592042                 /nix/store/4nlgxhb09sdr51nc9hdm8az5b08vzkgx-glibc-2.35-163/lib/librt.so.1
7f224ec8e000-7f224ec8f000 rw-p 00003000 00:36c 600592042                 /nix/store/4nlgxhb09sdr51nc9hdm8az5b08vzkgx-glibc-2.35-163/lib/librt.so.1
7f224ec8f000-7f224fda2000 r-xp 00000000 00:36c 707972962                 /nix/store/gpxl5qgg8kicmcvivwmybwjlpf7wh20l-graalvm17-ce-22.3.0/lib/server/libjvm.so
7f224fda2000-7f224fda3000 ---p 01113000 00:36c 707972962                 /nix/store/gpxl5qgg8kicmcvivwmybwjlpf7wh20l-graalvm17-ce-22.3.0/lib/server/libjvm.so
7f224fda3000-7f224fe58000 r--p 01113000 00:36c 707972962                 /nix/store/gpxl5qgg8kicmcvivwmybwjlpf7wh20l-graalvm17-ce-22.3.0/lib/server/libjvm.so
7f224fe58000-7f224fe8c000 rw-p 011c8000 00:36c 707972962                 /nix/store/gpxl5qgg8kicmcvivwmybwjlpf7wh20l-graalvm17-ce-22.3.0/lib/server/libjvm.so
7f224fe8c000-7f224fee8000 rw-p 00000000 00:00 0 
7f224fee8000-7f224ff10000 r--p 00000000 00:36c 600592014                 /nix/store/4nlgxhb09sdr51nc9hdm8az5b08vzkgx-glibc-2.35-163/lib/libc.so.6
7f224ff10000-7f2250086000 r-xp 00028000 00:36c 600592014                 /nix/store/4nlgxhb09sdr51nc9hdm8az5b08vzkgx-glibc-2.35-163/lib/libc.so.6
7f2250086000-7f22500de000 r--p 0019e000 00:36c 600592014                 /nix/store/4nlgxhb09sdr51nc9hdm8az5b08vzkgx-glibc-2.35-163/lib/libc.so.6
7f22500de000-7f22500e2000 r--p 001f6000 00:36c 600592014                 /nix/store/4nlgxhb09sdr51nc9hdm8az5b08vzkgx-glibc-2.35-163/lib/libc.so.6
7f22500e2000-7f22500e4000 rw-p 001fa000 00:36c 600592014                 /nix/store/4nlgxhb09sdr51nc9hdm8az5b08vzkgx-glibc-2.35-163/lib/libc.so.6
7f22500e4000-7f22500f3000 rw-p 00000000 00:00 0 
7f22500f3000-7f22500f4000 r--p 00000000 00:36c 600592019                 /nix/store/4nlgxhb09sdr51nc9hdm8az5b08vzkgx-glibc-2.35-163/lib/libdl.so.2
7f22500f4000-7f22500f5000 r-xp 00001000 00:36c 600592019                 /nix/store/4nlgxhb09sdr51nc9hdm8az5b08vzkgx-glibc-2.35-163/lib/libdl.so.2
7f22500f5000-7f22500f6000 r--p 00002000 00:36c 600592019                 /nix/store/4nlgxhb09sdr51nc9hdm8az5b08vzkgx-glibc-2.35-163/lib/libdl.so.2
7f22500f6000-7f22500f7000 r--p 00002000 00:36c 600592019                 /nix/store/4nlgxhb09sdr51nc9hdm8az5b08vzkgx-glibc-2.35-163/lib/libdl.so.2
7f22500f7000-7f22500f8000 rw-p 00003000 00:36c 600592019                 /nix/store/4nlgxhb09sdr51nc9hdm8az5b08vzkgx-glibc-2.35-163/lib/libdl.so.2
7f22500f8000-7f22500f9000 r--p 00000000 00:36c 600592038                 /nix/store/4nlgxhb09sdr51nc9hdm8az5b08vzkgx-glibc-2.35-163/lib/libpthread.so.0
7f22500f9000-7f22500fa000 r-xp 00001000 00:36c 600592038                 /nix/store/4nlgxhb09sdr51nc9hdm8az5b08vzkgx-glibc-2.35-163/lib/libpthread.so.0
7f22500fa000-7f22500fb000 r--p 00002000 00:36c 600592038                 /nix/store/4nlgxhb09sdr51nc9hdm8az5b08vzkgx-glibc-2.35-163/lib/libpthread.so.0
7f22500fb000-7f22500fc000 r--p 00002000 00:36c 600592038                 /nix/store/4nlgxhb09sdr51nc9hdm8az5b08vzkgx-glibc-2.35-163/lib/libpthread.so.0
7f22500fc000-7f22500fd000 rw-p 00003000 00:36c 600592038                 /nix/store/4nlgxhb09sdr51nc9hdm8az5b08vzkgx-glibc-2.35-163/lib/libpthread.so.0
7f22500fd000-7f225010b000 r-xp 00000000 00:36c 707802129                 /nix/store/gpxl5qgg8kicmcvivwmybwjlpf7wh20l-graalvm17-ce-22.3.0/lib/libjli.so
7f225010b000-7f225010c000 ---p 0000e000 00:36c 707802129                 /nix/store/gpxl5qgg8kicmcvivwmybwjlpf7wh20l-graalvm17-ce-22.3.0/lib/libjli.so
7f225010c000-7f225010d000 r--p 0000e000 00:36c 707802129                 /nix/store/gpxl5qgg8kicmcvivwmybwjlpf7wh20l-graalvm17-ce-22.3.0/lib/libjli.so
7f225010d000-7f225010e000 rw-p 0000f000 00:36c 707802129                 /nix/store/gpxl5qgg8kicmcvivwmybwjlpf7wh20l-graalvm17-ce-22.3.0/lib/libjli.so
7f225010e000-7f225010f000 rw-p 00012000 00:36c 707802129                 /nix/store/gpxl5qgg8kicmcvivwmybwjlpf7wh20l-graalvm17-ce-22.3.0/lib/libjli.so
7f225010f000-7f2250112000 r--p 00000000 00:36c 678822167                 /nix/store/026hln0aq1hyshaxsdvhg0kmcm6yf45r-zlib-1.2.13/lib/libz.so.1.2.13
7f2250112000-7f2250124000 r-xp 00003000 00:36c 678822167                 /nix/store/026hln0aq1hyshaxsdvhg0kmcm6yf45r-zlib-1.2.13/lib/libz.so.1.2.13
7f2250124000-7f225012b000 r--p 00015000 00:36c 678822167                 /nix/store/026hln0aq1hyshaxsdvhg0kmcm6yf45r-zlib-1.2.13/lib/libz.so.1.2.13
7f225012b000-7f225012c000 r--p 0001b000 00:36c 678822167                 /nix/store/026hln0aq1hyshaxsdvhg0kmcm6yf45r-zlib-1.2.13/lib/libz.so.1.2.13
7f225012c000-7f225012d000 rw-p 0001c000 00:36c 678822167                 /nix/store/026hln0aq1hyshaxsdvhg0kmcm6yf45r-zlib-1.2.13/lib/libz.so.1.2.13
7f225012d000-7f225012f000 rw-p 00000000 00:00 0 
7f225012f000-7f2250131000 r--p 00000000 00:36c 600592008                 /nix/store/4nlgxhb09sdr51nc9hdm8az5b08vzkgx-glibc-2.35-163/lib/ld-linux-x86-64.so.2
7f2250131000-7f2250158000 r-xp 00002000 00:36c 600592008                 /nix/store/4nlgxhb09sdr51nc9hdm8az5b08vzkgx-glibc-2.35-163/lib/ld-linux-x86-64.so.2
7f2250158000-7f2250164000 r--p 00029000 00:36c 600592008                 /nix/store/4nlgxhb09sdr51nc9hdm8az5b08vzkgx-glibc-2.35-163/lib/ld-linux-x86-64.so.2
7f2250164000-7f2250166000 r--p 00034000 00:36c 600592008                 /nix/store/4nlgxhb09sdr51nc9hdm8az5b08vzkgx-glibc-2.35-163/lib/ld-linux-x86-64.so.2
7f2250166000-7f2250168000 rw-p 00036000 00:36c 600592008                 /nix/store/4nlgxhb09sdr51nc9hdm8az5b08vzkgx-glibc-2.35-163/lib/ld-linux-x86-64.so.2
7ffff7379000-7ffff739d000 rw-p 00000000 00:00 0                          [stack]
7ffff73d1000-7ffff73d5000 r--p 00000000 00:00 0                          [vvar]
7ffff73d5000-7ffff73d7000 r-xp 00000000 00:00 0                          [vdso]
ffffffffff600000-ffffffffff601000 --xp 00000000 00:00 0                  [vsyscall]


VM Arguments:
jvm_args: -XX:ThreadPriorityPolicy=1 -XX:+UnlockExperimentalVMOptions -XX:+EnableJVMCIProduct -XX:JVMCIThreadsPerNativeLibraryRuntime=1 -XX:-UnlockExperimentalVMOptions -Declipse.application=org.eclipse.jdt.ls.core.id1 -Dosgi.bundles.defaultStartLevel=4 -Declipse.product=org.eclipse.jdt.ls.core.product -Dlog.level=ALL -Xverify:none -XX:+UseParallelGC -XX:GCTimeRatio=4 -XX:AdaptiveSizePolicyWeight=90 -Dsun.zip.disableMemoryMapping=true -Xmx512m -Xms100m 
java_command: /nix/store/a7s9klvriqi68xz3qjc0qyfl5h86xc16-jdt-language-server-1.9.0/share/java/plugins/org.eclipse.equinox.launcher_1.6.400.v20210924-0641.jar --add-modules=ALL-SYSTEM --add-opens java.base/java.util=ALL-UNNAMED --add-opens java.base/java.lang=ALL-UNNAMED -configuration /home/runner/Math/.cache/jdt-language-server/config -data /home/runner/Math/.cache/jdt-language-server/data/home/runner/Math
java_class_path (initial): /nix/store/a7s9klvriqi68xz3qjc0qyfl5h86xc16-jdt-language-server-1.9.0/share/java/plugins/org.eclipse.equinox.launcher_1.6.400.v20210924-0641.jar
Launcher Type: SUN_STANDARD

[Global flags]
    uintx AdaptiveSizePolicyWeight                 = 90                                        {product} {command line}
     intx CICompilerCount                          = 2                                         {product} {ergonomic}
     bool EnableJVMCIProduct                       = true                                {JVMCI product} {jimage}
    uintx GCTimeRatio                              = 4                                         {product} {command line}
   size_t InitialHeapSize                          = 104857600                                 {product} {command line}
     uint JVMCIThreadsPerNativeLibraryRuntime      = 1                                   {JVMCI product} {jimage}
   size_t MaxHeapSize                              = 536870912                                 {product} {command line}
   size_t MaxNewSize                               = 178782208                                 {product} {ergonomic}
   size_t MinHeapDeltaBytes                        = 524288                                    {product} {ergonomic}
   size_t MinHeapSize                              = 104857600                                 {product} {command line}
   size_t NewSize                                  = 34603008                                  {product} {ergonomic}
    uintx NonNMethodCodeHeapSize                   = 5826188                                {pd product} {ergonomic}
    uintx NonProfiledCodeHeapSize                  = 122916026                              {pd product} {ergonomic}
   size_t OldSize                                  = 70254592                                  {product} {ergonomic}
    uintx ProfiledCodeHeapSize                     = 122916026                              {pd product} {ergonomic}
    uintx ReservedCodeCacheSize                    = 251658240                              {pd product} {ergonomic}
     bool SegmentedCodeCache                       = true                                      {product} {ergonomic}
   size_t SoftMaxHeapSize                          = 536870912                              {manageable} {ergonomic}
     intx ThreadPriorityPolicy                     = 1                                         {product} {jimage}
     bool UseCompressedClassPointers               = true                           {product lp64_product} {ergonomic}
     bool UseCompressedOops                        = true                           {product lp64_product} {ergonomic}
     bool UseParallelGC                            = true                                      {product} {command line}

Logging:
Log output configuration:
 #0: stdout all=warning uptime,level,tags
 #1: stderr all=off uptime,level,tags

Environment Variables:
JAVA_HOME=/nix/store/gpxl5qgg8kicmcvivwmybwjlpf7wh20l-graalvm17-ce-22.3.0
PATH=/nix/store/1d6ian3r8kdzspw8hacjhl3xkp40g1lj-binutils-wrapper-2.39/bin:/nix/store/dq0xwmsk1g0i2ayg6pb7y87na2knzylh-gcc-wrapper-11.3.0/bin:/nix/store/bap4d0lpcrhpwmpb8ayjcgkmvfj62lnq-bash-interactive-5.1-p16/bin:/nix/store/pr5n59mb4jzmfx6kanwxly0l07p861fg-patchelf-0.15.0/bin:/nix/store/1gf2flfqnpqbr1b4p4qz2f72y42bs56r-gcc-11.3.0/bin:/nix/store/57xv61c5zi8pphjbcwxxjlgc34p61ic9-glibc-2.35-163-bin/bin:/nix/store/a7gvj343m05j2s32xcnwr35v31ynlypr-coreutils-9.1/bin:/nix/store/039g378vc3pc3dvi9dzdlrd0i4q93qwf-binutils-2.39/bin:/nix/store/gpxl5qgg8kicmcvivwmybwjlpf7wh20l-graalvm17-ce-22.3.0/bin:/nix/store/6z9ag3ihc8mq2hzsw48lhbznvzny65nz-apache-maven-3.8.6/bin:/nix/store/a7s9klvriqi68xz3qjc0qyfl5h86xc16-jdt-language-server-1.9.0/bin:/nix/store/48ifl2w60a3zp7yskbpnvn8jp9jdsb7k-java-debug/bin:/nix/store/mydc6f4k2z73xlcz7ilif3v2lcaiqvza-findutils-4.9.0/bin:/nix/store/j9p3g8472iijd50vhdprx0nmk2fqn5gv-diffutils-3.8/bin:/nix/store/89zs7rms6x00xfq4dq6m7mjnhkr8a6r4-gnused-4.8/bin:/nix/store/86bp03jkmsl6f92w0yzg4s59g5mhxwmy-gnugrep-3.7/bin:/nix/store/hwcdqw4jrjnd37wxqgsd47hd0j8bnj09-gawk-5.1.1/bin:/nix/store/cfbhw8r8ags41vwqaz47r583d0p4h4a1-gnutar-1.34/bin:/nix/store/p3m1ndl1lapwrlh698bnb5lvvxh67378-gzip-1.12/bin:/nix/store/a8mhcagrsly7c7mpjrpsnaahk4aax056-bzip2-1.0.8-bin/bin:/nix/store/mblgz65m3zv9x548a3d5m96fj2pbwr09-gnumake-4.3/bin:/nix/store/dsd5gz46hdbdk2rfdimqddhq6m8m8fqs-bash-5.1-p16/bin:/nix/store/v7ljksji50mg3w61dykaa3n3y79n6nil-patch-2.7.6/bin:/nix/store/zlcnmqq14jz5x9439jf937mvayyl63da-xz-5.2.7-bin/bin:/nix/store/y6aj732zm9m87c82fpvf103a1xb22blp-file-5.43/bin:/nix/store/yq0vlv3d2f5si3ibawpq5ay2pc6knixp-nix-2.18.0pre20230808_c0e6466/bin:/nix/store/i4kzir3m7mrisxmf5xvlnkw01x4qaqr4-prybar-elisp-0.0.0-e0d9a52/bin:/nix/store/lwwivxf6h7x3cvxp9zv8sj0mv7dak99r-prybar-lua-0.0.0-e0d9a52/bin:/nix/store/gxj28g1cg4hq3qanmjv07156h800qr58-prybar-python3-0.0.0-e0d9a52/bin:/nix/store/hshkjnxrgidigf8x75vg6lqng2xlx9i3-prybar-sqlite-0.0.0-e0d9a52/bin:/nix/store/c4w01bpjgyy5ixmwdk8m1pw87zq4sl
LD_LIBRARY_PATH=/nix/store/a4pff549sk2idnkpzk5nsfps3mdkdnvm-cups-2.4.2-lib/lib:/nix/store/72mqxxhh3cy5yifh92wh2yb8cl2hikyy-cairo-1.16.0/lib:/nix/store/2k366jrbsra97gjfxwvrhvixjfxdach5-glib-2.74.1/lib:/nix/store/2j2znigd8ak37rlwh9khz0ry3clqlw1l-gtk+3-3.24.34/lib:/nix/store/hisqvx32cd57apbpcsnkpx6k3549wql1-libglvnd-1.4.0/lib:/nix/store/p36pgcv991mq5srvg765b78yqpxvk3qs-mesa-21.3.3-drivers/lib:/nix/store/mav4251if1ahjq5vkpwycyyvnmy459c4-pulseaudio-14.2/lib
DISPLAY=:0
LANG=en_US.UTF-8

Signal Handlers:
   SIGSEGV: crash_handler in libjvm.so, mask=11100100010111111101111111111110, flags=SA_RESTART|SA_SIGINFO
    SIGBUS: crash_handler in libjvm.so, mask=11100100010111111101111111111110, flags=SA_RESTART|SA_SIGINFO
    SIGFPE: crash_handler in libjvm.so, mask=11100100010111111101111111111110, flags=SA_RESTART|SA_SIGINFO
   SIGPIPE: IsolateEnterStub_IgnoreSIGPIPEStartupHook_noopSignalHandler_8f19bff2f35b5f630d83b364d6b2339320d4ec70_216e8361c6bc87a8f89f58cc10d3b2fd4415bf87 in libjvmcicompiler.so, mask=00000000000000000000000000000000, flags=SA_RESTART
  *** Handler was modified!
  *** Expected: javaSignalHandler in libjvm.so, mask=11100100110111111111111111111110, flags=SA_RESTART|SA_SIGINFO
   SIGXFSZ: javaSignalHandler in libjvm.so, mask=11100100010111111101111111111110, flags=SA_RESTART|SA_SIGINFO
    SIGILL: crash_handler in libjvm.so, mask=11100100010111111101111111111110, flags=SA_RESTART|SA_SIGINFO
   SIGUSR2: SR_handler in libjvm.so, mask=00000000000000000000000000000000, flags=SA_RESTART|SA_SIGINFO
    SIGHUP: UserHandler in libjvm.so, mask=11100100010111111101111111111110, flags=SA_RESTART|SA_SIGINFO
    SIGINT: UserHandler in libjvm.so, mask=11100100010111111101111111111110, flags=SA_RESTART|SA_SIGINFO
   SIGTERM: UserHandler in libjvm.so, mask=11100100010111111101111111111110, flags=SA_RESTART|SA_SIGINFO
   SIGQUIT: UserHandler in libjvm.so, mask=11100100010111111101111111111110, flags=SA_RESTART|SA_SIGINFO
  *** Handler was modified!
  *** Expected: javaSignalHandler in libjvm.so, mask=11100100110111111111111111111110, flags=SA_RESTART|SA_SIGINFO
   SIGTRAP: crash_handler in libjvm.so, mask=11100100010111111101111111111110, flags=SA_RESTART|SA_SIGINFO


---------------  S Y S T E M  ---------------

OS:
DISTRIB_ID=Ubuntu
DISTRIB_RELEASE=20.04
DISTRIB_CODENAME=focal
DISTRIB_DESCRIPTION="Ubuntu 20.04.2 LTS"
uname: Linux 6.2.0-1019-gcp #21~22.04.1-Ubuntu SMP Thu Nov 16 18:18:34 UTC 2023 x86_64
OS uptime: 0 days 7:19 hours
libc: glibc 2.35 NPTL 2.35 
rlimit (soft/hard): STACK 8192k/infinity , CORE infinity/infinity , NPROC infinity/infinity , NOFILE 5242/5242 , AS infinity/infinity , CPU infinity/infinity , DATA infinity/infinity , FSIZE infinity/infinity , MEMLOCK 8192k/8192k
load average: 18.95 18.80 19.90

/proc/meminfo:
MemTotal:       65835924 kB
MemFree:        39057256 kB
MemAvailable:   49774628 kB
Buffers:         1792424 kB
Cached:          8223460 kB
SwapCached:            0 kB
Active:          6380604 kB
Inactive:       18123664 kB
Active(anon):       8176 kB
Inactive(anon): 14078460 kB
Active(file):    6372428 kB
Inactive(file):  4045204 kB
Unevictable:       28216 kB
Mlocked:           28216 kB
SwapTotal:             0 kB
SwapFree:              0 kB
Zswap:                 0 kB
Zswapped:              0 kB
Dirty:              4604 kB
Writeback:           256 kB
AnonPages:      14342412 kB
Mapped:          1949528 kB
Shmem:             73432 kB
KReclaimable:    1079856 kB
Slab:            1578248 kB
SReclaimable:    1079856 kB
SUnreclaim:       498392 kB
KernelStack:      104608 kB
PageTables:       234784 kB
SecPageTables:         0 kB
NFS_Unstable:          0 kB
Bounce:                0 kB
WritebackTmp:          0 kB
CommitLimit:    32917960 kB
Committed_AS:   38271936 kB
VmallocTotal:   34359738367 kB
VmallocUsed:      132860 kB
VmallocChunk:          0 kB
Percpu:            40576 kB
HardwareCorrupted:     0 kB
AnonHugePages:    997376 kB
ShmemHugePages:        0 kB
ShmemPmdMapped:        0 kB
FileHugePages:         0 kB
FilePmdMapped:         0 kB
HugePages_Total:       0
HugePages_Free:        0
HugePages_Rsvd:        0
HugePages_Surp:        0
Hugepagesize:       2048 kB
Hugetlb:               0 kB
DirectMap4k:      242488 kB
DirectMap2M:    21774336 kB
DirectMap1G:    47185920 kB

/sys/kernel/mm/transparent_hugepage/enabled: always [madvise] never
/sys/kernel/mm/transparent_hugepage/defrag (defrag/compaction efforts parameter): always defer defer+madvise [madvise] never

Process Memory:
Virtual Size: 4447320K (peak: 4532028K)
Resident Set Size: 723736K (peak: 739584K) (anon: 526340K, file: 197396K, shmem: 0K)
Swapped out: 0K
C-Heap outstanding allocations: 37416K, retained: 8167K
glibc malloc tunables: (default)

/proc/sys/kernel/threads-max (system-wide limit on the number of threads): 514277
/proc/sys/vm/max_map_count (maximum number of memory map areas a process may have): 65530
/proc/sys/kernel/pid_max (system-wide limit on number of process identifiers): 4194304

container (cgroup) information:
container_type: cgroupv2
cpu_cpuset_cpus: not supported
cpu_memory_nodes: not supported
active_processor_count: 1
cpu_quota: 50000
cpu_period: 100000
cpu_shares: no shares
memory_limit_in_bytes: 1048576 k
memory_and_swap_limit_in_bytes: unlimited
memory_soft_limit_in_bytes: 524288 k
memory_usage_in_bytes: 558320 k
memory_max_usage_in_bytes: not supported
maximum number of tasks: not supported
current number of tasks: not supported

KVM virtualization detected
Steal ticks since vm start: 4357
Steal ticks percentage since vm start:  0.011

CPU: total 8 (initial active 1) (8 cores per cpu, 2 threads per core) family 23 model 49 stepping 0 microcode 0xffffffff, cx8, cmov, fxsr, ht, mmx, 3dnowpref, sse, sse2, sse3, ssse3, sse4a, sse4.1, sse4.2, popcnt, lzcnt, tsc, tscinvbit, avx, avx2, aes, clmul, bmi1, bmi2, adx, sha, fma, vzeroupper, clflush, clflushopt, hv
CPU Model and flags from /proc/cpuinfo:
model name	: AMD EPYC 7B12
flags		: fpu vme de pse tsc msr pae mce cx8 apic sep mtrr pge mca cmov pat pse36 clflush mmx fxsr sse sse2 ht syscall nx mmxext fxsr_opt pdpe1gb rdtscp lm constant_tsc rep_good nopl nonstop_tsc cpuid extd_apicid tsc_known_freq pni pclmulqdq ssse3 fma cx16 sse4_1 sse4_2 movbe popcnt aes xsave avx f16c rdrand hypervisor lahf_lm cmp_legacy cr8_legacy abm sse4a misalignsse 3dnowprefetch osvw topoext ssbd ibrs ibpb stibp vmmcall fsgsbase tsc_adjust bmi1 avx2 smep bmi2 rdseed adx smap clflushopt clwb sha_ni xsaveopt xsavec xgetbv1 clzero xsaveerptr arat npt nrip_save umip rdpid

Online cpus: 0-7
Offline cpus: 
BIOS frequency limitation: <Not Available>
Frequency switch latency (ns): <Not Available>
Available cpu frequencies: <Not Available>
Current governor: <Not Available>
Core performance/turbo boost: <Not Available>

Memory: 4k page, physical 1048576k(490248k free), swap 0k(0k free)
Page Sizes: 4k

vm_info: OpenJDK 64-Bit Server VM (17.0.5+8-jvmci-22.3-b08) for linux-amd64 JRE (17.0.5+8-jvmci-22.3-b08), built on Oct 19 2022 09:01:27 by "buildslave" with gcc 10.3.0

END.
